[2026/04/25 18:33:48.765] - Starting server with initial configuration: {"gasLimit":6721975,"gasPrice":2000000000000000,"hardfork":"merge","hostname":"127.0.0.1","port":7545,"network_id":1337,"default_balance_ether":100000000000,"total_accounts":10,"unlocked_accounts":[],"locked":false,"vmErrorsOnRPCResponse":true,"verbose":false,"flavor":"ethereum","db_path":"C:\\Users\\Deepak Chheda\\AppData\\Roaming\\Ganache\\ui\\workspaces\\AI-CHAIN-GUARD\\chaindata","logDirectory":"C:\\Users\\Deepak Chheda\\OneDrive\\Desktop\\MINI PROJECT\\GANACHELOGS"}
[2026/04/25 18:33:49.434] - web3_clientVersion
[2026/04/25 18:33:49.488] - web3_clientVersion
[2026/04/25 18:33:50.333] - web3_clientVersion
[2026/04/25 18:33:50.565] - web3_clientVersion
[2026/04/25 18:33:50.568] - eth_blockNumber
[2026/04/25 18:33:50.571] - eth_blockNumber
[2026/04/25 18:33:50.579] - eth_blockNumber
[2026/04/25 18:33:50.583] - eth_getBlockByNumber
[2026/04/25 18:33:50.585] - eth_blockNumber
[2026/04/25 18:33:50.588] - eth_getBlockByNumber
[2026/04/25 18:33:50.595] - eth_getBlockByNumber
[2026/04/25 18:33:50.600] - eth_getBlockByNumber
[2026/04/25 18:33:50.627] - eth_getBlockByNumber
[2026/04/25 18:33:50.631] - eth_getBlockByNumber
[2026/04/25 18:33:50.633] - eth_getBlockByNumber
[2026/04/25 18:33:50.646] - eth_getBlockByNumber
[2026/04/25 18:33:50.648] - eth_getBlockByNumber
[2026/04/25 18:33:50.652] - eth_getBlockByNumber
[2026/04/25 18:33:50.662] - eth_getBlockByNumber
[2026/04/25 18:33:50.664] - eth_getBlockByNumber
[2026/04/25 18:33:50.665] - eth_getBlockByNumber
[2026/04/25 18:33:50.680] - eth_getBlockByNumber
[2026/04/25 18:33:50.683] - eth_getBlockByNumber
[2026/04/25 18:33:50.684] - eth_getBlockByNumber
[2026/04/25 18:33:50.697] - eth_getTransactionReceipt
[2026/04/25 18:33:50.699] - eth_getBlockByNumber
[2026/04/25 18:33:50.701] - eth_getBlockByNumber
[2026/04/25 18:33:50.715] - eth_getBlockByNumber
[2026/04/25 18:33:50.717] - eth_getTransactionReceipt
[2026/04/25 18:33:50.720] - eth_getTransactionReceipt
[2026/04/25 18:33:50.737] - eth_getTransactionReceipt
[2026/04/25 18:33:50.738] - eth_getBlockByNumber
[2026/04/25 18:33:50.740] - eth_getBlockByNumber
[2026/04/25 18:33:50.757] - eth_getTransactionReceipt
[2026/04/25 18:33:50.768] - eth_getTransactionReceipt
[2026/04/25 18:33:50.778] - web3_clientVersion
[2026/04/25 18:33:50.785] - eth_getBlockByNumber
[2026/04/25 18:33:55.221] - eth_blockNumber
[2026/04/25 18:33:55.223] - eth_accounts
[2026/04/25 18:33:55.225] - eth_gasPrice
[2026/04/25 18:33:55.225] - eth_getBlockByNumber
[2026/04/25 18:33:55.226] - eth_subscribe
[2026/04/25 18:33:55.268] - eth_accounts
[2026/04/25 18:33:55.351] - eth_getBalance
[2026/04/25 18:33:55.362] - eth_getTransactionCount
[2026/04/25 18:33:55.370] - eth_getBalance
[2026/04/25 18:33:55.376] - eth_getTransactionCount
[2026/04/25 18:33:55.382] - eth_getBalance
[2026/04/25 18:33:55.390] - eth_getTransactionCount
[2026/04/25 18:33:55.400] - eth_getBalance
[2026/04/25 18:33:55.410] - eth_getTransactionCount
[2026/04/25 18:33:55.418] - eth_getBalance
[2026/04/25 18:33:55.424] - eth_getTransactionCount
[2026/04/25 18:33:55.437] - eth_getBalance
[2026/04/25 18:33:55.444] - eth_getTransactionCount
[2026/04/25 18:33:55.456] - eth_getBalance
[2026/04/25 18:33:55.461] - eth_getTransactionCount
[2026/04/25 18:33:55.471] - eth_getBalance
[2026/04/25 18:33:55.481] - eth_getTransactionCount
[2026/04/25 18:33:55.492] - eth_getBalance
[2026/04/25 18:33:55.528] - eth_getTransactionCount
[2026/04/25 18:33:55.534] - eth_getBalance
[2026/04/25 18:33:55.545] - eth_getTransactionCount
[2026/04/25 18:33:55.628] - eth_getTransactionCount
[2026/04/25 18:33:55.633] - eth_getBalance
[2026/04/25 18:33:55.638] - eth_getTransactionCount
[2026/04/25 18:33:55.644] - eth_getBalance
[2026/04/25 18:33:55.646] - eth_getTransactionCount
[2026/04/25 18:33:55.658] - eth_getBalance
[2026/04/25 18:33:55.669] - eth_getTransactionCount
[2026/04/25 18:33:55.675] - eth_getBalance
[2026/04/25 18:33:55.682] - eth_getTransactionCount
[2026/04/25 18:33:55.691] - eth_getBalance
[2026/04/25 18:33:55.697] - eth_getTransactionCount
[2026/04/25 18:33:55.708] - eth_getBalance
[2026/04/25 18:33:55.715] - eth_getTransactionCount
[2026/04/25 18:33:55.720] - eth_getBalance
[2026/04/25 18:33:55.725] - eth_getTransactionCount
[2026/04/25 18:33:55.731] - eth_getBalance
[2026/04/25 18:33:55.734] - eth_getTransactionCount
[2026/04/25 18:33:55.738] - eth_getBalance
[2026/04/25 18:33:55.754] - eth_getTransactionCount
[2026/04/25 18:33:55.960] - eth_blockNumber
[2026/04/25 18:33:55.962] - eth_accounts
[2026/04/25 18:33:55.962] - eth_gasPrice
[2026/04/25 18:33:55.964] - eth_getBlockByNumber
[2026/04/25 18:33:55.964] - eth_subscribe
[2026/04/25 18:33:57.388] - eth_getBalance
[2026/04/25 18:33:57.417] - eth_getTransactionCount
[2026/04/25 18:33:57.436] - eth_getBalance
[2026/04/25 18:33:57.455] - eth_getTransactionCount
[2026/04/25 18:33:57.470] - eth_getBalance
[2026/04/25 18:33:57.490] - eth_getTransactionCount
[2026/04/25 18:33:57.502] - eth_getBalance
[2026/04/25 18:33:57.536] - eth_getTransactionCount
[2026/04/25 18:33:57.582] - eth_getBalance
[2026/04/25 18:33:57.600] - eth_getTransactionCount
[2026/04/25 18:33:57.633] - eth_getBalance
[2026/04/25 18:33:57.704] - eth_getTransactionCount
[2026/04/25 18:33:57.753] - eth_getBalance
[2026/04/25 18:33:57.918] - eth_getTransactionCount
[2026/04/25 18:33:57.939] - eth_getBalance
[2026/04/25 18:33:57.953] - eth_getTransactionCount
[2026/04/25 18:33:57.975] - eth_getBalance
[2026/04/25 18:33:57.987] - eth_getTransactionCount
[2026/04/25 18:33:58.009] - eth_getBalance
[2026/04/25 18:33:58.086] - eth_getTransactionCount
[2026/04/25 18:33:58.099] - eth_getBalance
[2026/04/25 18:33:58.106] - eth_getTransactionCount
[2026/04/25 18:33:58.120] - eth_getBalance
[2026/04/25 18:33:58.133] - eth_getTransactionCount
[2026/04/25 18:33:58.148] - eth_getBalance
[2026/04/25 18:33:58.156] - eth_getTransactionCount
[2026/04/25 18:33:58.165] - eth_getBalance
[2026/04/25 18:33:58.218] - eth_getTransactionCount
[2026/04/25 18:33:58.228] - eth_getBalance
[2026/04/25 18:33:58.249] - eth_getTransactionCount
[2026/04/25 18:33:58.263] - eth_getBalance
[2026/04/25 18:33:58.268] - eth_getTransactionCount
[2026/04/25 18:33:58.271] - eth_getBalance
[2026/04/25 18:33:58.280] - eth_getTransactionCount
[2026/04/25 18:33:58.283] - eth_getBalance
[2026/04/25 18:33:58.288] - eth_getTransactionCount
[2026/04/25 18:33:58.300] - eth_getBalance
[2026/04/25 18:33:58.305] - eth_getTransactionCount
[2026/04/25 18:33:58.313] - eth_getBalance
[2026/04/25 18:33:58.317] - eth_getTransactionCount
[2026/04/25 18:33:59.504] - web3_clientVersion
[2026/04/25 18:33:59.512] - eth_blockNumber
[2026/04/25 18:34:12.732] - web3_clientVersion
[2026/04/25 18:34:18.294] - web3_clientVersion
[2026/04/25 18:34:18.299] - eth_blockNumber
[2026/04/25 18:34:18.303] - eth_getBlockByNumber
[2026/04/25 18:34:18.309] - eth_getBlockByNumber
[2026/04/25 18:34:18.316] - eth_getBlockByNumber
[2026/04/25 18:34:18.321] - eth_getBlockByNumber
[2026/04/25 18:34:18.327] - eth_getBlockByNumber
[2026/04/25 18:34:18.333] - eth_getBlockByNumber
[2026/04/25 18:34:18.340] - eth_getTransactionReceipt
[2026/04/25 18:34:18.348] - eth_getBlockByNumber
[2026/04/25 18:34:18.353] - eth_getTransactionReceipt
[2026/04/25 18:34:18.388] - web3_clientVersion
[2026/04/25 18:34:18.391] - eth_blockNumber
[2026/04/25 18:34:18.395] - eth_getBlockByNumber
[2026/04/25 18:34:18.399] - eth_getBlockByNumber
[2026/04/25 18:34:18.405] - eth_getBlockByNumber
[2026/04/25 18:34:18.410] - eth_getBlockByNumber
[2026/04/25 18:34:18.414] - eth_getBlockByNumber
[2026/04/25 18:34:18.418] - eth_getBlockByNumber
[2026/04/25 18:34:18.426] - eth_getTransactionReceipt
[2026/04/25 18:34:18.431] - eth_getBlockByNumber
[2026/04/25 18:34:18.435] - eth_getTransactionReceipt
[2026/04/25 18:34:18.656] - web3_clientVersion
[2026/04/25 18:34:18.663] - eth_blockNumber
[2026/04/25 18:34:20.178] - web3_clientVersion
[2026/04/25 18:34:20.181] - web3_clientVersion
[2026/04/25 18:34:20.190] - eth_blockNumber
[2026/04/25 18:34:20.192] - eth_blockNumber
[2026/04/25 18:34:20.198] - eth_getBlockByNumber
[2026/04/25 18:34:20.205] - eth_getBlockByNumber
[2026/04/25 18:34:20.212] - eth_getBlockByNumber
[2026/04/25 18:34:20.217] - eth_getBlockByNumber
[2026/04/25 18:34:20.221] - eth_getBlockByNumber
[2026/04/25 18:34:20.228] - eth_getBlockByNumber
[2026/04/25 18:34:20.235] - eth_getTransactionReceipt
[2026/04/25 18:34:20.244] - eth_getBlockByNumber
[2026/04/25 18:34:20.253] - eth_getTransactionReceipt
[2026/04/25 18:34:20.262] - web3_clientVersion
[2026/04/25 18:34:20.266] - eth_getBlockByNumber
[2026/04/25 18:34:30.158] - web3_clientVersion
[2026/04/25 18:34:30.166] - eth_blockNumber
[2026/04/25 18:34:40.357] - eth_subscribe
[2026/04/25 18:34:40.359] - eth_getLogs
[2026/04/25 18:34:40.361] - eth_subscribe
[2026/04/25 18:34:40.364] - eth_subscribe
[2026/04/25 18:34:40.368] - eth_getLogs
[2026/04/25 18:34:40.369] - eth_subscribe
[2026/04/25 18:34:41.634] - web3_clientVersion
[2026/04/25 18:34:44.593] - web3_clientVersion
[2026/04/25 18:34:44.601] - eth_blockNumber
[2026/04/25 18:34:44.605] - eth_getBlockByNumber
[2026/04/25 18:34:44.635] - eth_getBlockByNumber
[2026/04/25 18:34:44.641] - eth_getBlockByNumber
[2026/04/25 18:34:44.647] - eth_getBlockByNumber
[2026/04/25 18:34:44.653] - eth_getBlockByNumber
[2026/04/25 18:34:44.659] - eth_getBlockByNumber
[2026/04/25 18:34:44.666] - eth_getTransactionReceipt
[2026/04/25 18:34:44.676] - eth_getBlockByNumber
[2026/04/25 18:34:44.683] - eth_getTransactionReceipt
[2026/04/25 18:34:44.752] - web3_clientVersion
[2026/04/25 18:34:44.755] - eth_blockNumber
[2026/04/25 18:34:44.759] - eth_getBlockByNumber
[2026/04/25 18:34:44.767] - eth_getBlockByNumber
[2026/04/25 18:34:44.775] - eth_getBlockByNumber
[2026/04/25 18:34:44.782] - eth_getBlockByNumber
[2026/04/25 18:34:44.829] - eth_getBlockByNumber
[2026/04/25 18:34:44.837] - eth_getBlockByNumber
[2026/04/25 18:34:44.843] - eth_getTransactionReceipt
[2026/04/25 18:34:44.851] - eth_getBlockByNumber
[2026/04/25 18:34:44.858] - eth_getTransactionReceipt
[2026/04/25 18:34:45.111] - web3_clientVersion
[2026/04/25 18:34:45.120] - eth_blockNumber
[2026/04/25 18:34:58.102] - web3_clientVersion
[2026/04/25 18:35:00.841] - web3_clientVersion
[2026/04/25 18:35:00.846] - eth_blockNumber
[2026/04/25 18:35:00.850] - eth_getBlockByNumber
[2026/04/25 18:35:00.854] - eth_getBlockByNumber
[2026/04/25 18:35:00.859] - eth_getBlockByNumber
[2026/04/25 18:35:00.864] - eth_getBlockByNumber
[2026/04/25 18:35:00.871] - eth_getBlockByNumber
[2026/04/25 18:35:00.888] - eth_getBlockByNumber
[2026/04/25 18:35:00.893] - eth_getTransactionReceipt
[2026/04/25 18:35:00.898] - eth_getBlockByNumber
[2026/04/25 18:35:00.905] - eth_getTransactionReceipt
[2026/04/25 18:35:00.929] - web3_clientVersion
[2026/04/25 18:35:00.934] - eth_blockNumber
[2026/04/25 18:35:00.939] - eth_getBlockByNumber
[2026/04/25 18:35:00.943] - eth_getBlockByNumber
[2026/04/25 18:35:00.948] - eth_getBlockByNumber
[2026/04/25 18:35:00.956] - eth_getBlockByNumber
[2026/04/25 18:35:00.961] - eth_getBlockByNumber
[2026/04/25 18:35:00.967] - eth_getBlockByNumber
[2026/04/25 18:35:00.974] - eth_getTransactionReceipt
[2026/04/25 18:35:00.979] - eth_getBlockByNumber
[2026/04/25 18:35:00.987] - eth_getTransactionReceipt
[2026/04/25 18:35:04.394] - web3_clientVersion
[2026/04/25 18:35:06.259] - web3_clientVersion
[2026/04/25 18:35:06.267] - eth_blockNumber
[2026/04/25 18:35:06.273] - eth_getBlockByNumber
[2026/04/25 18:35:06.279] - eth_getBlockByNumber
[2026/04/25 18:35:06.288] - eth_getBlockByNumber
[2026/04/25 18:35:06.295] - eth_getBlockByNumber
[2026/04/25 18:35:06.303] - eth_getBlockByNumber
[2026/04/25 18:35:06.310] - eth_getBlockByNumber
[2026/04/25 18:35:06.318] - eth_getTransactionReceipt
[2026/04/25 18:35:06.397] - eth_getBlockByNumber
[2026/04/25 18:35:06.497] - eth_getTransactionReceipt
[2026/04/25 18:35:06.543] - web3_clientVersion
[2026/04/25 18:35:06.546] - eth_blockNumber
[2026/04/25 18:35:06.551] - eth_getBlockByNumber
[2026/04/25 18:35:06.555] - eth_getBlockByNumber
[2026/04/25 18:35:06.560] - eth_getBlockByNumber
[2026/04/25 18:35:06.565] - eth_getBlockByNumber
[2026/04/25 18:35:06.572] - eth_getBlockByNumber
[2026/04/25 18:35:06.577] - eth_getBlockByNumber
[2026/04/25 18:35:06.582] - eth_getTransactionReceipt
[2026/04/25 18:35:06.588] - eth_getBlockByNumber
[2026/04/25 18:35:06.593] - eth_getTransactionReceipt
[2026/04/25 18:35:20.171] - web3_clientVersion
[2026/04/25 18:35:20.178] - eth_blockNumber
[2026/04/25 18:35:20.187] - eth_getBlockByNumber
[2026/04/25 18:35:20.191] - eth_getBlockByNumber
[2026/04/25 18:35:20.197] - eth_getBlockByNumber
[2026/04/25 18:35:20.202] - eth_getBlockByNumber
[2026/04/25 18:35:20.208] - eth_getBlockByNumber
[2026/04/25 18:35:20.219] - eth_getBlockByNumber
[2026/04/25 18:35:20.226] - eth_getTransactionReceipt
[2026/04/25 18:35:20.231] - eth_getBlockByNumber
[2026/04/25 18:35:20.237] - eth_getTransactionReceipt
[2026/04/25 18:35:20.243] - web3_clientVersion
[2026/04/25 18:35:20.247] - eth_getBlockByNumber
[2026/04/25 18:35:35.782] - web3_clientVersion
[2026/04/25 18:35:35.792] - eth_blockNumber
[2026/04/25 18:35:40.964] - web3_clientVersion
[2026/04/25 18:35:40.970] - eth_blockNumber
[2026/04/25 18:35:41.067] - web3_clientVersion
[2026/04/25 18:35:41.088] - eth_blockNumber
[2026/04/25 18:35:41.093] - eth_getBlockByNumber
[2026/04/25 18:35:41.104] - eth_getBlockByNumber
[2026/04/25 18:35:41.151] - eth_getBlockByNumber
[2026/04/25 18:35:41.157] - eth_getBlockByNumber
[2026/04/25 18:35:41.164] - eth_getBlockByNumber
[2026/04/25 18:35:41.169] - eth_getBlockByNumber
[2026/04/25 18:35:41.176] - eth_getTransactionReceipt
[2026/04/25 18:35:41.181] - eth_getBlockByNumber
[2026/04/25 18:35:41.189] - eth_getTransactionReceipt
[2026/04/25 18:35:41.318] - web3_clientVersion
[2026/04/25 18:35:41.322] - eth_blockNumber
[2026/04/25 18:35:41.326] - eth_getBlockByNumber
[2026/04/25 18:35:41.331] - eth_getBlockByNumber
[2026/04/25 18:35:41.343] - eth_getBlockByNumber
[2026/04/25 18:35:41.367] - eth_getBlockByNumber
[2026/04/25 18:35:41.375] - eth_getBlockByNumber
[2026/04/25 18:35:41.518] - eth_getBlockByNumber
[2026/04/25 18:35:41.695] - eth_getTransactionReceipt
[2026/04/25 18:35:41.704] - eth_getBlockByNumber
[2026/04/25 18:35:41.712] - eth_getTransactionReceipt
[2026/04/25 18:35:41.965] - web3_clientVersion
[2026/04/25 18:35:41.970] - eth_blockNumber
[2026/04/25 18:35:42.086] - eth_getBlockByNumber
[2026/04/25 18:35:42.131] - eth_getBlockByNumber
[2026/04/25 18:35:42.156] - eth_getBlockByNumber
[2026/04/25 18:35:42.210] - eth_getBlockByNumber
[2026/04/25 18:35:42.217] - eth_getBlockByNumber
[2026/04/25 18:35:42.252] - eth_getBlockByNumber
[2026/04/25 18:35:42.286] - eth_getTransactionReceipt
[2026/04/25 18:35:42.300] - eth_getBlockByNumber
[2026/04/25 18:35:42.334] - eth_getTransactionReceipt
[2026/04/25 18:35:42.341] - web3_clientVersion
[2026/04/25 18:35:42.346] - eth_getBlockByNumber
[2026/04/25 18:35:51.186] - web3_clientVersion
[2026/04/25 18:35:51.193] - eth_blockNumber
[2026/04/25 18:36:01.167] - web3_clientVersion
[2026/04/25 18:36:01.176] - eth_blockNumber
[2026/04/25 18:36:11.174] - web3_clientVersion
[2026/04/25 18:36:11.176] - web3_clientVersion
[2026/04/25 18:36:11.181] - eth_blockNumber
[2026/04/25 18:36:11.182] - eth_blockNumber
[2026/04/25 18:36:11.190] - eth_getBlockByNumber
[2026/04/25 18:36:11.195] - eth_getBlockByNumber
[2026/04/25 18:36:11.203] - eth_getBlockByNumber
[2026/04/25 18:36:11.210] - eth_getBlockByNumber
[2026/04/25 18:36:11.223] - eth_getBlockByNumber
[2026/04/25 18:36:11.235] - eth_getBlockByNumber
[2026/04/25 18:36:11.250] - eth_getTransactionReceipt
[2026/04/25 18:36:11.257] - eth_getBlockByNumber
[2026/04/25 18:36:11.266] - eth_getTransactionReceipt
[2026/04/25 18:36:11.274] - web3_clientVersion
[2026/04/25 18:36:11.278] - eth_getBlockByNumber
[2026/04/25 18:36:21.152] - web3_clientVersion
[2026/04/25 18:36:21.162] - eth_blockNumber
[2026/04/25 18:36:26.059] - eth_unsubscribe
[2026/04/25 18:36:26.061] - eth_unsubscribe
