[2026/04/14 16:04:51.348] - Starting server with initial configuration: {"gasLimit":6721975,"gasPrice":2000000000000000,"hardfork":"merge","hostname":"127.0.0.1","port":7545,"network_id":1337,"default_balance_ether":100000000000,"total_accounts":10,"unlocked_accounts":[],"locked":false,"vmErrorsOnRPCResponse":true,"verbose":false,"flavor":"ethereum","db_path":"C:\\Users\\Deepak Chheda\\AppData\\Roaming\\Ganache\\ui\\workspaces\\AI-CHAIN-GUARD\\chaindata","logDirectory":"C:\\Users\\Deepak Chheda\\OneDrive\\Desktop\\MINI PROJECT\\GANACHELOGS"}
[2026/04/14 16:04:57.912] - eth_blockNumber
[2026/04/14 16:04:57.984] - eth_accounts
[2026/04/14 16:04:57.986] - eth_gasPrice
[2026/04/14 16:04:57.988] - eth_getBlockByNumber
[2026/04/14 16:04:57.990] - eth_subscribe
[2026/04/14 16:04:57.994] - eth_blockNumber
[2026/04/14 16:04:57.998] - eth_accounts
[2026/04/14 16:04:57.999] - eth_gasPrice
[2026/04/14 16:04:58.000] - eth_getBlockByNumber
[2026/04/14 16:04:58.001] - eth_subscribe
[2026/04/14 16:04:58.019] - eth_accounts
[2026/04/14 16:04:58.416] - eth_getBalance
[2026/04/14 16:04:58.420] - eth_getTransactionCount
[2026/04/14 16:04:58.427] - eth_getBalance
[2026/04/14 16:04:58.431] - eth_getTransactionCount
[2026/04/14 16:04:58.436] - eth_getBalance
[2026/04/14 16:04:58.444] - eth_getTransactionCount
[2026/04/14 16:04:58.448] - eth_getBalance
[2026/04/14 16:04:58.462] - eth_getTransactionCount
[2026/04/14 16:04:58.469] - eth_getBalance
[2026/04/14 16:04:58.623] - eth_getTransactionCount
[2026/04/14 16:04:58.631] - eth_getBalance
[2026/04/14 16:04:58.635] - eth_getTransactionCount
[2026/04/14 16:04:58.642] - eth_getBalance
[2026/04/14 16:04:58.668] - eth_getTransactionCount
[2026/04/14 16:04:58.673] - eth_getBalance
[2026/04/14 16:04:58.786] - eth_getTransactionCount
[2026/04/14 16:04:58.793] - eth_getBalance
[2026/04/14 16:04:58.801] - eth_getTransactionCount
[2026/04/14 16:04:58.803] - eth_getBalance
[2026/04/14 16:04:58.805] - eth_getTransactionCount
[2026/04/14 16:04:58.863] - eth_getBalance
[2026/04/14 16:04:58.870] - eth_getTransactionCount
[2026/04/14 16:04:58.872] - eth_getBalance
[2026/04/14 16:04:58.875] - eth_getTransactionCount
[2026/04/14 16:04:58.948] - eth_getBalance
[2026/04/14 16:04:58.951] - eth_getTransactionCount
[2026/04/14 16:04:58.953] - eth_getBalance
[2026/04/14 16:04:58.956] - eth_getTransactionCount
[2026/04/14 16:04:58.959] - eth_getBalance
[2026/04/14 16:04:58.961] - eth_getTransactionCount
[2026/04/14 16:04:58.965] - eth_getBalance
[2026/04/14 16:04:58.967] - eth_getTransactionCount
[2026/04/14 16:04:58.969] - eth_getBalance
[2026/04/14 16:04:58.971] - eth_getTransactionCount
[2026/04/14 16:04:58.974] - eth_getBalance
[2026/04/14 16:04:58.976] - eth_getTransactionCount
[2026/04/14 16:04:58.983] - eth_getBalance
[2026/04/14 16:04:58.987] - eth_getTransactionCount
[2026/04/14 16:04:58.992] - eth_getBalance
[2026/04/14 16:04:58.997] - eth_getTransactionCount
[2026/04/14 16:04:58.999] - eth_getBalance
[2026/04/14 16:04:59.002] - eth_getTransactionCount
[2026/04/14 16:04:59.004] - eth_getBalance
[2026/04/14 16:04:59.006] - eth_getTransactionCount
[2026/04/14 16:04:59.014] - eth_getBalance
[2026/04/14 16:04:59.016] - eth_getTransactionCount
[2026/04/14 16:04:59.019] - eth_getBalance
[2026/04/14 16:04:59.021] - eth_getTransactionCount
[2026/04/14 16:04:59.024] - eth_getBalance
[2026/04/14 16:04:59.033] - eth_getTransactionCount
[2026/04/14 16:04:59.036] - eth_getBalance
[2026/04/14 16:04:59.039] - eth_getTransactionCount
[2026/04/14 16:04:59.043] - eth_getBalance
[2026/04/14 16:04:59.052] - eth_getTransactionCount
[2026/04/14 16:04:59.064] - eth_getBalance
[2026/04/14 16:04:59.072] - eth_getTransactionCount
[2026/04/14 16:04:59.082] - eth_getBalance
[2026/04/14 16:04:59.086] - eth_getTransactionCount
[2026/04/14 16:04:59.090] - eth_getBalance
[2026/04/14 16:04:59.094] - eth_getTransactionCount
[2026/04/14 16:04:59.166] - eth_getBalance
[2026/04/14 16:04:59.168] - eth_getTransactionCount
[2026/04/14 16:04:59.173] - eth_getBalance
[2026/04/14 16:04:59.180] - eth_getTransactionCount
[2026/04/14 16:04:59.249] - eth_getBalance
[2026/04/14 16:04:59.251] - eth_getTransactionCount
[2026/04/14 16:04:59.251] - eth_getBalance
[2026/04/14 16:04:59.252] - eth_getTransactionCount
[2026/04/14 16:04:59.253] - eth_getBalance
[2026/04/14 16:04:59.254] - eth_getTransactionCount
[2026/04/14 16:04:59.255] - eth_getBalance
[2026/04/14 16:04:59.255] - eth_getTransactionCount
[2026/04/14 16:04:59.258] - eth_getBalance
[2026/04/14 16:04:59.259] - eth_getTransactionCount
[2026/04/14 16:04:59.260] - eth_getBalance
[2026/04/14 16:04:59.261] - eth_getTransactionCount
[2026/04/14 16:04:59.265] - eth_getBalance
[2026/04/14 16:04:59.266] - eth_getTransactionCount
[2026/04/14 16:04:59.267] - eth_getBalance
[2026/04/14 16:04:59.271] - eth_getTransactionCount
[2026/04/14 16:05:10.664] - web3_clientVersion
[2026/04/14 16:06:58.480] - eth_subscribe
[2026/04/14 16:06:58.713] - eth_getLogs
[2026/04/14 16:06:59.764] - eth_subscribe
[2026/04/14 16:06:59.778] - eth_subscribe
[2026/04/14 16:06:59.792] - eth_getLogs
[2026/04/14 16:06:59.858] - eth_subscribe
[2026/04/14 16:07:10.135] - web3_clientVersion
[2026/04/14 16:07:10.173] - eth_blockNumber
[2026/04/14 16:07:10.200] - eth_getBlockByNumber
[2026/04/14 16:07:10.236] - eth_getBlockByNumber
[2026/04/14 16:07:10.267] - eth_getBlockByNumber
[2026/04/14 16:07:10.290] - eth_getBlockByNumber
[2026/04/14 16:07:10.305] - eth_getBlockByNumber
[2026/04/14 16:07:10.330] - eth_getBlockByNumber
[2026/04/14 16:07:10.347] - eth_getTransactionReceipt
[2026/04/14 16:07:10.383] - eth_getBlockByNumber
[2026/04/14 16:07:10.433] - eth_getTransactionReceipt
[2026/04/14 16:07:10.824] - web3_clientVersion
[2026/04/14 16:07:10.846] - eth_blockNumber
[2026/04/14 16:07:10.852] - eth_getBlockByNumber
[2026/04/14 16:07:10.871] - eth_getBlockByNumber
[2026/04/14 16:07:11.052] - eth_getBlockByNumber
[2026/04/14 16:07:11.071] - eth_getBlockByNumber
[2026/04/14 16:07:11.086] - eth_getBlockByNumber
[2026/04/14 16:07:11.099] - eth_getBlockByNumber
[2026/04/14 16:07:11.106] - eth_getTransactionReceipt
[2026/04/14 16:07:11.123] - eth_getBlockByNumber
[2026/04/14 16:07:11.151] - eth_getTransactionReceipt
[2026/04/14 16:07:27.627] - web3_clientVersion
[2026/04/14 16:08:21.773] - web3_clientVersion
[2026/04/14 16:08:21.808] - eth_blockNumber
[2026/04/14 16:08:21.813] - eth_getBlockByNumber
[2026/04/14 16:08:21.850] - eth_getBlockByNumber
[2026/04/14 16:08:21.876] - eth_getBlockByNumber
[2026/04/14 16:08:21.907] - eth_getBlockByNumber
[2026/04/14 16:08:21.914] - eth_getBlockByNumber
[2026/04/14 16:08:21.976] - eth_getBlockByNumber
[2026/04/14 16:08:22.004] - eth_getTransactionReceipt
[2026/04/14 16:08:22.014] - eth_getBlockByNumber
[2026/04/14 16:08:22.023] - eth_getTransactionReceipt
[2026/04/14 16:08:22.315] - web3_clientVersion
[2026/04/14 16:08:22.321] - eth_blockNumber
[2026/04/14 16:08:22.325] - eth_getBlockByNumber
[2026/04/14 16:08:22.339] - eth_getBlockByNumber
[2026/04/14 16:08:22.346] - eth_getBlockByNumber
[2026/04/14 16:08:22.355] - eth_getBlockByNumber
[2026/04/14 16:08:22.363] - eth_getBlockByNumber
[2026/04/14 16:08:22.374] - eth_getBlockByNumber
[2026/04/14 16:08:22.381] - eth_getTransactionReceipt
[2026/04/14 16:08:22.389] - eth_getBlockByNumber
[2026/04/14 16:08:22.395] - eth_getTransactionReceipt
[2026/04/14 16:08:32.522] - web3_clientVersion
[2026/04/14 16:08:57.962] - web3_clientVersion
[2026/04/14 16:08:57.991] - eth_blockNumber
[2026/04/14 16:08:58.004] - eth_getBlockByNumber
[2026/04/14 16:08:58.024] - eth_getBlockByNumber
[2026/04/14 16:08:58.043] - eth_getBlockByNumber
[2026/04/14 16:08:58.053] - eth_getBlockByNumber
[2026/04/14 16:08:58.063] - eth_getBlockByNumber
[2026/04/14 16:08:58.072] - eth_getBlockByNumber
[2026/04/14 16:08:58.090] - eth_getTransactionReceipt
[2026/04/14 16:08:58.106] - eth_getBlockByNumber
[2026/04/14 16:08:58.116] - eth_getTransactionReceipt
[2026/04/14 16:08:58.254] - web3_clientVersion
[2026/04/14 16:08:58.259] - eth_blockNumber
[2026/04/14 16:08:58.264] - eth_getBlockByNumber
[2026/04/14 16:08:58.272] - eth_getBlockByNumber
[2026/04/14 16:08:58.290] - eth_getBlockByNumber
[2026/04/14 16:08:58.296] - eth_getBlockByNumber
[2026/04/14 16:08:58.311] - eth_getBlockByNumber
[2026/04/14 16:08:58.326] - eth_getBlockByNumber
[2026/04/14 16:08:58.338] - eth_getTransactionReceipt
[2026/04/14 16:08:58.344] - eth_getBlockByNumber
[2026/04/14 16:08:58.361] - eth_getTransactionReceipt
[2026/04/14 16:09:06.073] - web3_clientVersion
[2026/04/14 16:09:13.748] - web3_clientVersion
[2026/04/14 16:09:13.756] - eth_blockNumber
[2026/04/14 16:09:13.762] - eth_getBlockByNumber
[2026/04/14 16:09:13.768] - eth_getBlockByNumber
[2026/04/14 16:09:13.777] - eth_getBlockByNumber
[2026/04/14 16:09:13.786] - eth_getBlockByNumber
[2026/04/14 16:09:13.795] - eth_getBlockByNumber
[2026/04/14 16:09:13.801] - eth_getBlockByNumber
[2026/04/14 16:09:13.812] - eth_getTransactionReceipt
[2026/04/14 16:09:13.818] - eth_getBlockByNumber
[2026/04/14 16:09:13.826] - eth_getTransactionReceipt
[2026/04/14 16:09:13.892] - web3_clientVersion
[2026/04/14 16:09:13.897] - eth_blockNumber
[2026/04/14 16:09:13.901] - eth_getBlockByNumber
[2026/04/14 16:09:13.909] - eth_getBlockByNumber
[2026/04/14 16:09:13.915] - eth_getBlockByNumber
[2026/04/14 16:09:13.923] - eth_getBlockByNumber
[2026/04/14 16:09:13.936] - eth_getBlockByNumber
[2026/04/14 16:09:13.945] - eth_getBlockByNumber
[2026/04/14 16:09:13.951] - eth_getTransactionReceipt
[2026/04/14 16:09:13.960] - eth_getBlockByNumber
[2026/04/14 16:09:13.966] - eth_getTransactionReceipt
[2026/04/14 16:09:14.227] - web3_clientVersion
[2026/04/14 16:09:14.234] - eth_blockNumber
[2026/04/14 16:09:14.243] - eth_getBlockByNumber
[2026/04/14 16:09:14.256] - eth_getBlockByNumber
[2026/04/14 16:09:14.280] - eth_getBlockByNumber
[2026/04/14 16:09:14.293] - eth_getBlockByNumber
[2026/04/14 16:09:14.305] - eth_getBlockByNumber
[2026/04/14 16:09:14.314] - eth_getBlockByNumber
[2026/04/14 16:09:19.029] - web3_clientVersion
[2026/04/14 16:09:26.038] - web3_clientVersion
[2026/04/14 16:09:26.088] - eth_blockNumber
[2026/04/14 16:09:26.124] - eth_getBlockByNumber
[2026/04/14 16:09:26.183] - eth_getBlockByNumber
[2026/04/14 16:09:26.221] - eth_getBlockByNumber
[2026/04/14 16:09:26.246] - eth_getBlockByNumber
[2026/04/14 16:09:26.266] - eth_getBlockByNumber
[2026/04/14 16:09:26.303] - eth_getBlockByNumber
[2026/04/14 16:09:26.319] - eth_getTransactionReceipt
[2026/04/14 16:09:26.353] - eth_getBlockByNumber
[2026/04/14 16:09:26.381] - eth_getTransactionReceipt
[2026/04/14 16:09:26.456] - web3_clientVersion
[2026/04/14 16:09:26.462] - eth_blockNumber
[2026/04/14 16:09:26.467] - eth_getBlockByNumber
[2026/04/14 16:09:26.473] - eth_getBlockByNumber
[2026/04/14 16:09:26.484] - eth_getBlockByNumber
[2026/04/14 16:09:26.499] - eth_getBlockByNumber
[2026/04/14 16:09:26.506] - eth_getBlockByNumber
[2026/04/14 16:09:26.519] - eth_getBlockByNumber
[2026/04/14 16:09:26.529] - eth_getTransactionReceipt
[2026/04/14 16:09:26.541] - eth_getBlockByNumber
[2026/04/14 16:09:26.551] - eth_getTransactionReceipt
[2026/04/14 16:09:27.067] - web3_clientVersion
[2026/04/14 16:09:27.091] - eth_blockNumber
[2026/04/14 16:09:27.116] - eth_getBlockByNumber
[2026/04/14 16:09:27.141] - eth_getBlockByNumber
[2026/04/14 16:09:27.167] - eth_getBlockByNumber
[2026/04/14 16:09:27.206] - eth_getBlockByNumber
[2026/04/14 16:09:27.222] - eth_getBlockByNumber
[2026/04/14 16:09:27.234] - eth_getBlockByNumber
[2026/04/14 16:09:27.240] - eth_getTransactionReceipt
[2026/04/14 16:09:27.249] - eth_getBlockByNumber
[2026/04/14 16:09:27.267] - eth_getTransactionReceipt
[2026/04/14 16:09:31.908] - web3_clientVersion
[2026/04/14 16:09:55.557] - web3_clientVersion
[2026/04/14 16:09:55.566] - eth_blockNumber
[2026/04/14 16:09:55.574] - eth_getBlockByNumber
[2026/04/14 16:09:55.583] - eth_getBlockByNumber
[2026/04/14 16:09:55.594] - eth_getBlockByNumber
[2026/04/14 16:09:55.601] - eth_getBlockByNumber
[2026/04/14 16:09:55.611] - eth_getBlockByNumber
[2026/04/14 16:09:55.622] - eth_getBlockByNumber
[2026/04/14 16:09:55.631] - eth_getTransactionReceipt
[2026/04/14 16:09:55.643] - eth_getBlockByNumber
[2026/04/14 16:09:55.653] - eth_getTransactionReceipt
[2026/04/14 16:09:55.744] - web3_clientVersion
[2026/04/14 16:09:55.749] - eth_blockNumber
[2026/04/14 16:09:55.757] - eth_getBlockByNumber
[2026/04/14 16:09:55.763] - eth_getBlockByNumber
[2026/04/14 16:09:55.784] - eth_getBlockByNumber
[2026/04/14 16:09:55.794] - eth_getBlockByNumber
[2026/04/14 16:09:55.816] - eth_getBlockByNumber
[2026/04/14 16:09:55.826] - eth_getBlockByNumber
[2026/04/14 16:09:55.835] - eth_getTransactionReceipt
[2026/04/14 16:09:55.844] - eth_getBlockByNumber
[2026/04/14 16:09:55.865] - eth_getTransactionReceipt
[2026/04/14 16:09:56.764] - web3_clientVersion
[2026/04/14 16:09:56.769] - eth_blockNumber
[2026/04/14 16:09:56.794] - eth_getBlockByNumber
[2026/04/14 16:09:56.804] - eth_getBlockByNumber
[2026/04/14 16:09:56.826] - eth_getBlockByNumber
[2026/04/14 16:09:56.843] - eth_getBlockByNumber
[2026/04/14 16:09:56.863] - eth_getBlockByNumber
[2026/04/14 16:09:56.893] - eth_getBlockByNumber
[2026/04/14 16:09:56.920] - eth_getTransactionReceipt
[2026/04/14 16:09:56.941] - eth_getBlockByNumber
[2026/04/14 16:09:56.953] - eth_getTransactionReceipt
[2026/04/14 16:09:56.975] - web3_clientVersion
[2026/04/14 16:09:56.980] - eth_getBlockByNumber
[2026/04/14 16:09:57.376] - web3_clientVersion
[2026/04/14 16:09:57.382] - eth_blockNumber
[2026/04/14 16:09:57.396] - eth_getBlockByNumber
[2026/04/14 16:09:57.407] - eth_getBlockByNumber
[2026/04/14 16:09:57.423] - eth_getBlockByNumber
[2026/04/14 16:09:57.442] - eth_getBlockByNumber
[2026/04/14 16:09:57.454] - eth_getBlockByNumber
[2026/04/14 16:09:57.483] - eth_getBlockByNumber
[2026/04/14 16:09:57.492] - eth_getTransactionReceipt
[2026/04/14 16:09:57.516] - eth_getBlockByNumber
[2026/04/14 16:09:57.541] - eth_getTransactionReceipt
[2026/04/14 16:09:57.570] - web3_clientVersion
[2026/04/14 16:09:57.595] - eth_getBlockByNumber
[2026/04/14 16:10:04.620] - web3_clientVersion
[2026/04/14 16:10:11.923] - web3_clientVersion
[2026/04/14 16:10:11.931] - eth_blockNumber
[2026/04/14 16:10:11.937] - eth_getBlockByNumber
[2026/04/14 16:10:11.944] - eth_getBlockByNumber
[2026/04/14 16:10:11.952] - eth_getBlockByNumber
[2026/04/14 16:10:11.961] - eth_getBlockByNumber
[2026/04/14 16:10:11.972] - eth_getBlockByNumber
[2026/04/14 16:10:11.981] - eth_getBlockByNumber
[2026/04/14 16:10:11.988] - eth_getTransactionReceipt
[2026/04/14 16:10:11.996] - eth_getBlockByNumber
[2026/04/14 16:10:12.003] - eth_getTransactionReceipt
[2026/04/14 16:10:12.055] - web3_clientVersion
[2026/04/14 16:10:12.062] - eth_blockNumber
[2026/04/14 16:10:12.066] - eth_getBlockByNumber
[2026/04/14 16:10:12.073] - eth_getBlockByNumber
[2026/04/14 16:10:12.082] - eth_getBlockByNumber
[2026/04/14 16:10:12.088] - eth_getBlockByNumber
[2026/04/14 16:10:12.096] - eth_getBlockByNumber
[2026/04/14 16:10:12.114] - eth_getBlockByNumber
[2026/04/14 16:10:12.121] - eth_getTransactionReceipt
[2026/04/14 16:10:12.134] - eth_getBlockByNumber
[2026/04/14 16:10:12.141] - eth_getTransactionReceipt
[2026/04/14 16:10:16.712] - web3_clientVersion
[2026/04/14 16:10:24.703] - web3_clientVersion
[2026/04/14 16:10:24.709] - eth_blockNumber
[2026/04/14 16:10:24.714] - eth_getBlockByNumber
[2026/04/14 16:10:24.723] - eth_getBlockByNumber
[2026/04/14 16:10:24.733] - eth_getBlockByNumber
[2026/04/14 16:10:24.742] - eth_getBlockByNumber
[2026/04/14 16:10:24.752] - eth_getBlockByNumber
[2026/04/14 16:10:24.758] - eth_getBlockByNumber
[2026/04/14 16:10:24.773] - eth_getTransactionReceipt
[2026/04/14 16:10:24.780] - eth_getBlockByNumber
[2026/04/14 16:10:24.793] - eth_getTransactionReceipt
[2026/04/14 16:10:24.927] - web3_clientVersion
[2026/04/14 16:10:24.934] - eth_blockNumber
[2026/04/14 16:10:24.951] - eth_getBlockByNumber
[2026/04/14 16:10:24.957] - eth_getBlockByNumber
[2026/04/14 16:10:24.975] - eth_getBlockByNumber
[2026/04/14 16:10:24.985] - eth_getBlockByNumber
[2026/04/14 16:10:24.996] - eth_getBlockByNumber
[2026/04/14 16:10:25.011] - eth_getBlockByNumber
[2026/04/14 16:10:25.020] - eth_getTransactionReceipt
[2026/04/14 16:10:25.030] - eth_getBlockByNumber
[2026/04/14 16:10:25.043] - eth_getTransactionReceipt
[2026/04/14 16:10:29.866] - web3_clientVersion
[2026/04/14 16:10:33.901] - web3_clientVersion
[2026/04/14 16:10:33.908] - eth_blockNumber
[2026/04/14 16:10:33.912] - eth_getBlockByNumber
[2026/04/14 16:10:33.917] - eth_getBlockByNumber
[2026/04/14 16:10:33.924] - eth_getBlockByNumber
[2026/04/14 16:10:33.930] - eth_getBlockByNumber
[2026/04/14 16:10:33.934] - eth_getBlockByNumber
[2026/04/14 16:10:33.941] - eth_getBlockByNumber
[2026/04/14 16:10:33.946] - eth_getTransactionReceipt
[2026/04/14 16:10:33.951] - eth_getBlockByNumber
[2026/04/14 16:10:33.963] - eth_getTransactionReceipt
[2026/04/14 16:10:34.002] - web3_clientVersion
[2026/04/14 16:10:34.010] - eth_blockNumber
[2026/04/14 16:10:34.013] - eth_getBlockByNumber
[2026/04/14 16:10:34.017] - eth_getBlockByNumber
[2026/04/14 16:10:34.024] - eth_getBlockByNumber
[2026/04/14 16:10:34.029] - eth_getBlockByNumber
[2026/04/14 16:10:34.034] - eth_getBlockByNumber
[2026/04/14 16:10:34.041] - eth_getBlockByNumber
[2026/04/14 16:10:34.045] - eth_getTransactionReceipt
[2026/04/14 16:10:34.050] - eth_getBlockByNumber
[2026/04/14 16:10:34.057] - eth_getTransactionReceipt
[2026/04/14 16:10:37.648] - web3_clientVersion
[2026/04/14 16:10:41.619] - web3_clientVersion
[2026/04/14 16:10:44.601] - web3_clientVersion
[2026/04/14 16:10:44.610] - eth_blockNumber
[2026/04/14 16:10:44.620] - eth_getBlockByNumber
[2026/04/14 16:10:44.631] - eth_getBlockByNumber
[2026/04/14 16:10:44.638] - eth_getBlockByNumber
[2026/04/14 16:10:44.662] - eth_getBlockByNumber
[2026/04/14 16:10:44.669] - eth_getBlockByNumber
[2026/04/14 16:10:44.684] - eth_getBlockByNumber
[2026/04/14 16:10:44.696] - eth_getTransactionReceipt
[2026/04/14 16:10:44.702] - eth_getBlockByNumber
[2026/04/14 16:10:44.711] - eth_getTransactionReceipt
[2026/04/14 16:10:44.764] - web3_clientVersion
[2026/04/14 16:10:44.768] - eth_blockNumber
[2026/04/14 16:10:44.772] - eth_getBlockByNumber
[2026/04/14 16:10:44.781] - eth_getBlockByNumber
[2026/04/14 16:10:44.787] - eth_getBlockByNumber
[2026/04/14 16:10:44.797] - eth_getBlockByNumber
[2026/04/14 16:10:44.803] - eth_getBlockByNumber
[2026/04/14 16:10:44.810] - eth_getBlockByNumber
[2026/04/14 16:10:44.817] - eth_getTransactionReceipt
[2026/04/14 16:10:44.825] - eth_getBlockByNumber
[2026/04/14 16:10:44.832] - eth_getTransactionReceipt
[2026/04/14 16:10:46.486] - web3_clientVersion
[2026/04/14 16:10:46.492] - eth_blockNumber
[2026/04/14 16:10:46.497] - eth_getBlockByNumber
[2026/04/14 16:10:46.502] - eth_getBlockByNumber
[2026/04/14 16:10:46.511] - eth_getBlockByNumber
[2026/04/14 16:10:46.517] - eth_getBlockByNumber
[2026/04/14 16:10:46.523] - eth_getBlockByNumber
[2026/04/14 16:10:46.531] - eth_getBlockByNumber
[2026/04/14 16:10:46.537] - eth_getTransactionReceipt
[2026/04/14 16:10:46.544] - eth_getBlockByNumber
[2026/04/14 16:10:46.551] - eth_getTransactionReceipt
[2026/04/14 16:10:46.600] - web3_clientVersion
[2026/04/14 16:10:46.604] - eth_blockNumber
[2026/04/14 16:10:46.611] - eth_getBlockByNumber
[2026/04/14 16:10:46.617] - eth_getBlockByNumber
[2026/04/14 16:10:46.625] - eth_getBlockByNumber
[2026/04/14 16:10:46.632] - eth_getBlockByNumber
[2026/04/14 16:10:46.638] - eth_getBlockByNumber
[2026/04/14 16:10:46.649] - eth_getBlockByNumber
[2026/04/14 16:10:46.654] - eth_getTransactionReceipt
[2026/04/14 16:10:46.662] - eth_getBlockByNumber
[2026/04/14 16:10:46.668] - eth_getTransactionReceipt
[2026/04/14 16:10:49.619] - web3_clientVersion
[2026/04/14 16:10:51.823] - web3_clientVersion
[2026/04/14 16:11:28.582] - web3_clientVersion
[2026/04/14 16:11:28.602] - eth_blockNumber
[2026/04/14 16:11:28.615] - eth_getBlockByNumber
[2026/04/14 16:11:28.623] - eth_getBlockByNumber
[2026/04/14 16:11:28.645] - eth_getBlockByNumber
[2026/04/14 16:11:28.659] - eth_getBlockByNumber
[2026/04/14 16:11:28.670] - eth_getBlockByNumber
[2026/04/14 16:11:28.687] - eth_getBlockByNumber
[2026/04/14 16:11:28.712] - eth_getTransactionReceipt
[2026/04/14 16:11:28.729] - eth_getBlockByNumber
[2026/04/14 16:11:28.753] - eth_getTransactionReceipt
[2026/04/14 16:11:29.036] - web3_clientVersion
[2026/04/14 16:11:29.050] - eth_blockNumber
[2026/04/14 16:11:29.055] - eth_getBlockByNumber
[2026/04/14 16:11:29.072] - eth_getBlockByNumber
[2026/04/14 16:11:29.088] - eth_getBlockByNumber
[2026/04/14 16:11:29.114] - eth_getBlockByNumber
[2026/04/14 16:11:29.120] - eth_getBlockByNumber
[2026/04/14 16:11:29.134] - eth_getBlockByNumber
[2026/04/14 16:11:29.148] - eth_getTransactionReceipt
[2026/04/14 16:11:29.153] - web3_clientVersion
[2026/04/14 16:11:29.156] - eth_getBlockByNumber
[2026/04/14 16:11:29.166] - eth_blockNumber
[2026/04/14 16:11:29.173] - eth_getBlockByNumber
[2026/04/14 16:11:29.187] - eth_getTransactionReceipt
[2026/04/14 16:11:29.197] - eth_getBlockByNumber
[2026/04/14 16:11:29.210] - eth_getBlockByNumber
[2026/04/14 16:11:29.245] - eth_getBlockByNumber
[2026/04/14 16:11:29.261] - eth_getBlockByNumber
[2026/04/14 16:11:29.268] - eth_getBlockByNumber
[2026/04/14 16:11:29.281] - eth_getTransactionReceipt
[2026/04/14 16:11:29.297] - eth_getBlockByNumber
[2026/04/14 16:11:29.305] - eth_getTransactionReceipt
[2026/04/14 16:11:29.382] - web3_clientVersion
[2026/04/14 16:11:29.387] - eth_blockNumber
[2026/04/14 16:11:29.395] - eth_getBlockByNumber
[2026/04/14 16:11:29.400] - eth_getBlockByNumber
[2026/04/14 16:11:29.410] - eth_getBlockByNumber
[2026/04/14 16:11:29.417] - eth_getBlockByNumber
[2026/04/14 16:11:29.426] - eth_getBlockByNumber
[2026/04/14 16:11:29.433] - eth_getBlockByNumber
[2026/04/14 16:11:29.443] - eth_getTransactionReceipt
[2026/04/14 16:11:29.454] - eth_getBlockByNumber
[2026/04/14 16:11:29.463] - eth_getTransactionReceipt
[2026/04/14 16:11:50.594] - web3_clientVersion
[2026/04/14 16:11:55.378] - web3_clientVersion
[2026/04/14 16:12:18.674] - web3_clientVersion
[2026/04/14 16:12:18.687] - eth_blockNumber
[2026/04/14 16:12:18.705] - eth_getBlockByNumber
[2026/04/14 16:12:18.735] - eth_getBlockByNumber
[2026/04/14 16:12:18.755] - eth_getBlockByNumber
[2026/04/14 16:12:18.772] - eth_getBlockByNumber
[2026/04/14 16:12:18.786] - eth_getBlockByNumber
[2026/04/14 16:12:18.819] - eth_getBlockByNumber
[2026/04/14 16:12:18.841] - eth_getTransactionReceipt
[2026/04/14 16:12:18.886] - eth_getBlockByNumber
[2026/04/14 16:12:18.921] - eth_getTransactionReceipt
[2026/04/14 16:12:19.350] - web3_clientVersion
[2026/04/14 16:12:19.370] - eth_blockNumber
[2026/04/14 16:12:19.390] - eth_getBlockByNumber
[2026/04/14 16:12:19.590] - eth_getBlockByNumber
[2026/04/14 16:12:19.634] - eth_getBlockByNumber
[2026/04/14 16:12:19.674] - eth_getBlockByNumber
[2026/04/14 16:12:19.703] - eth_getBlockByNumber
[2026/04/14 16:12:19.724] - eth_getBlockByNumber
[2026/04/14 16:12:19.754] - eth_getTransactionReceipt
[2026/04/14 16:12:19.791] - eth_getBlockByNumber
[2026/04/14 16:12:19.824] - eth_getTransactionReceipt
[2026/04/14 16:12:20.570] - web3_clientVersion
[2026/04/14 16:12:20.587] - eth_blockNumber
[2026/04/14 16:12:20.630] - eth_getBlockByNumber
[2026/04/14 16:12:20.652] - eth_getBlockByNumber
[2026/04/14 16:12:20.671] - eth_getBlockByNumber
[2026/04/14 16:12:20.692] - eth_getBlockByNumber
[2026/04/14 16:12:20.751] - eth_getBlockByNumber
[2026/04/14 16:12:20.773] - eth_getBlockByNumber
[2026/04/14 16:12:20.788] - eth_getTransactionReceipt
[2026/04/14 16:12:20.803] - eth_getBlockByNumber
[2026/04/14 16:12:20.818] - eth_getTransactionReceipt
[2026/04/14 16:12:21.120] - web3_clientVersion
[2026/04/14 16:12:21.124] - eth_blockNumber
[2026/04/14 16:12:21.152] - eth_getBlockByNumber
[2026/04/14 16:12:21.169] - eth_getBlockByNumber
[2026/04/14 16:12:21.175] - eth_getBlockByNumber
[2026/04/14 16:12:21.188] - eth_getBlockByNumber
[2026/04/14 16:12:21.202] - eth_getBlockByNumber
[2026/04/14 16:12:21.216] - eth_getBlockByNumber
[2026/04/14 16:12:21.226] - eth_getTransactionReceipt
[2026/04/14 16:12:21.281] - eth_getTransactionReceipt
[2026/04/14 16:12:23.658] - web3_clientVersion
[2026/04/14 16:12:23.666] - eth_blockNumber
[2026/04/14 16:12:23.679] - eth_getBlockByNumber
[2026/04/14 16:12:23.707] - eth_getBlockByNumber
[2026/04/14 16:12:23.756] - eth_getBlockByNumber
[2026/04/14 16:12:23.770] - eth_getBlockByNumber
[2026/04/14 16:12:23.799] - eth_getBlockByNumber
[2026/04/14 16:12:23.810] - eth_getBlockByNumber
[2026/04/14 16:12:23.822] - eth_getTransactionReceipt
[2026/04/14 16:12:23.833] - eth_getBlockByNumber
[2026/04/14 16:12:23.841] - eth_getTransactionReceipt
[2026/04/14 16:12:23.855] - web3_clientVersion
[2026/04/14 16:12:23.874] - eth_getBlockByNumber
[2026/04/14 16:12:25.038] - web3_clientVersion
[2026/04/14 16:12:25.157] - eth_blockNumber
[2026/04/14 16:12:25.181] - eth_getBlockByNumber
[2026/04/14 16:12:25.193] - eth_getBlockByNumber
[2026/04/14 16:12:25.204] - eth_getBlockByNumber
[2026/04/14 16:12:25.210] - eth_getBlockByNumber
[2026/04/14 16:12:25.233] - eth_getBlockByNumber
[2026/04/14 16:12:25.374] - eth_getBlockByNumber
[2026/04/14 16:12:25.382] - eth_getTransactionReceipt
[2026/04/14 16:12:25.387] - eth_getBlockByNumber
[2026/04/14 16:12:25.396] - eth_getTransactionReceipt
[2026/04/14 16:12:25.434] - web3_clientVersion
[2026/04/14 16:12:25.441] - eth_blockNumber
[2026/04/14 16:12:25.446] - eth_getBlockByNumber
[2026/04/14 16:12:25.452] - eth_getBlockByNumber
[2026/04/14 16:12:25.459] - eth_getBlockByNumber
[2026/04/14 16:12:25.466] - eth_getBlockByNumber
[2026/04/14 16:12:25.476] - eth_getBlockByNumber
[2026/04/14 16:12:25.489] - eth_getBlockByNumber
[2026/04/14 16:12:25.502] - eth_getTransactionReceipt
[2026/04/14 16:12:25.507] - eth_getBlockByNumber
[2026/04/14 16:12:25.515] - eth_getTransactionReceipt
[2026/04/14 16:12:25.848] - web3_clientVersion
[2026/04/14 16:12:25.852] - eth_blockNumber
[2026/04/14 16:12:25.971] - web3_clientVersion
[2026/04/14 16:12:25.988] - eth_blockNumber
[2026/04/14 16:12:25.998] - eth_getBlockByNumber
[2026/04/14 16:12:26.023] - eth_getBlockByNumber
[2026/04/14 16:12:26.042] - eth_getBlockByNumber
[2026/04/14 16:12:26.057] - eth_getBlockByNumber
[2026/04/14 16:12:26.070] - eth_getBlockByNumber
[2026/04/14 16:12:26.077] - eth_getBlockByNumber
[2026/04/14 16:12:26.091] - eth_getTransactionReceipt
[2026/04/14 16:12:26.102] - eth_getBlockByNumber
[2026/04/14 16:12:26.111] - eth_getTransactionReceipt
[2026/04/14 16:12:26.127] - web3_clientVersion
[2026/04/14 16:12:26.135] - eth_getBlockByNumber
[2026/04/14 16:12:26.360] - web3_clientVersion
[2026/04/14 16:12:26.370] - eth_blockNumber
[2026/04/14 16:12:26.381] - eth_getBlockByNumber
[2026/04/14 16:12:26.393] - eth_getBlockByNumber
[2026/04/14 16:12:26.419] - eth_getBlockByNumber
[2026/04/14 16:12:26.433] - eth_getBlockByNumber
[2026/04/14 16:12:26.442] - eth_getBlockByNumber
[2026/04/14 16:12:26.472] - eth_getBlockByNumber
[2026/04/14 16:12:26.491] - eth_getTransactionReceipt
[2026/04/14 16:12:26.507] - eth_getBlockByNumber
[2026/04/14 16:12:26.552] - eth_getTransactionReceipt
[2026/04/14 16:12:26.566] - web3_clientVersion
[2026/04/14 16:12:26.571] - eth_blockNumber
[2026/04/14 16:12:26.576] - eth_getBlockByNumber
[2026/04/14 16:12:26.588] - eth_getBlockByNumber
[2026/04/14 16:12:26.596] - eth_getBlockByNumber
[2026/04/14 16:12:26.605] - eth_getBlockByNumber
[2026/04/14 16:12:26.613] - eth_getBlockByNumber
[2026/04/14 16:12:26.620] - eth_getBlockByNumber
[2026/04/14 16:12:26.626] - eth_getTransactionReceipt
[2026/04/14 16:12:26.633] - eth_getBlockByNumber
[2026/04/14 16:12:26.641] - eth_getTransactionReceipt
[2026/04/14 16:12:26.648] - web3_clientVersion
[2026/04/14 16:12:26.652] - eth_getBlockByNumber
[2026/04/14 16:12:27.009] - web3_clientVersion
[2026/04/14 16:12:27.014] - eth_blockNumber
[2026/04/14 16:12:27.019] - eth_getBlockByNumber
[2026/04/14 16:12:27.025] - eth_getBlockByNumber
[2026/04/14 16:12:27.033] - eth_getBlockByNumber
[2026/04/14 16:12:27.039] - eth_getBlockByNumber
[2026/04/14 16:12:27.048] - eth_getBlockByNumber
[2026/04/14 16:12:27.089] - eth_getBlockByNumber
[2026/04/14 16:12:27.306] - eth_getTransactionReceipt
[2026/04/14 16:12:27.341] - eth_getBlockByNumber
[2026/04/14 16:12:27.405] - eth_getTransactionReceipt
[2026/04/14 16:12:27.420] - web3_clientVersion
[2026/04/14 16:12:27.427] - eth_getBlockByNumber
[2026/04/14 16:12:47.469] - web3_clientVersion
[2026/04/14 16:12:47.485] - eth_blockNumber
[2026/04/14 16:12:47.508] - eth_getBlockByNumber
[2026/04/14 16:12:47.533] - eth_getBlockByNumber
[2026/04/14 16:12:47.547] - eth_getBlockByNumber
[2026/04/14 16:12:47.569] - eth_getBlockByNumber
[2026/04/14 16:12:47.586] - eth_getBlockByNumber
[2026/04/14 16:12:47.657] - eth_getBlockByNumber
[2026/04/14 16:12:47.682] - eth_getTransactionReceipt
[2026/04/14 16:12:47.697] - eth_getBlockByNumber
[2026/04/14 16:12:47.718] - eth_getTransactionReceipt
[2026/04/14 16:12:47.927] - web3_clientVersion
[2026/04/14 16:12:48.079] - eth_blockNumber
[2026/04/14 16:12:48.100] - web3_clientVersion
[2026/04/14 16:12:48.131] - eth_getBlockByNumber
[2026/04/14 16:12:48.178] - eth_blockNumber
[2026/04/14 16:12:48.200] - eth_getBlockByNumber
[2026/04/14 16:12:48.315] - eth_getBlockByNumber
[2026/04/14 16:12:48.335] - eth_getBlockByNumber
[2026/04/14 16:12:48.347] - eth_getBlockByNumber
[2026/04/14 16:12:48.383] - eth_getBlockByNumber
[2026/04/14 16:12:48.398] - eth_getTransactionReceipt
[2026/04/14 16:12:48.414] - eth_getBlockByNumber
[2026/04/14 16:12:48.442] - eth_getTransactionReceipt
[2026/04/14 16:12:48.464] - web3_clientVersion
[2026/04/14 16:12:48.468] - eth_getBlockByNumber
[2026/04/14 16:12:51.410] - web3_clientVersion
[2026/04/14 16:12:53.762] - eth_blockNumber
[2026/04/14 16:12:54.136] - eth_getBlockByNumber
[2026/04/14 16:12:54.355] - eth_getBlockByNumber
[2026/04/14 16:12:54.555] - eth_getBlockByNumber
[2026/04/14 16:12:55.404] - eth_getBlockByNumber
[2026/04/14 16:12:56.062] - eth_getBlockByNumber
[2026/04/14 16:12:56.085] - eth_getBlockByNumber
[2026/04/14 16:12:56.105] - eth_getTransactionReceipt
[2026/04/14 16:12:56.120] - eth_getBlockByNumber
[2026/04/14 16:12:56.185] - eth_getTransactionReceipt
[2026/04/14 16:12:56.301] - web3_clientVersion
[2026/04/14 16:12:56.437] - eth_getBlockByNumber
[2026/04/14 16:12:58.972] - web3_clientVersion
[2026/04/14 16:12:59.016] - eth_blockNumber
[2026/04/14 16:12:59.272] - eth_getBlockByNumber
[2026/04/14 16:12:59.490] - eth_getBlockByNumber
[2026/04/14 16:12:59.639] - eth_getBlockByNumber
[2026/04/14 16:12:59.755] - eth_getBlockByNumber
[2026/04/14 16:12:59.970] - eth_getBlockByNumber
[2026/04/14 16:13:00.040] - eth_getBlockByNumber
[2026/04/14 16:13:00.074] - eth_getTransactionReceipt
[2026/04/14 16:13:00.600] - eth_getBlockByNumber
[2026/04/14 16:13:00.662] - web3_clientVersion
[2026/04/14 16:13:00.667] - eth_blockNumber
[2026/04/14 16:13:00.672] - eth_getBlockByNumber
[2026/04/14 16:13:00.719] - eth_getTransactionReceipt
[2026/04/14 16:13:00.850] - eth_getBlockByNumber
[2026/04/14 16:13:00.914] - eth_getBlockByNumber
[2026/04/14 16:13:00.922] - eth_getBlockByNumber
[2026/04/14 16:13:00.966] - eth_getBlockByNumber
[2026/04/14 16:13:01.025] - eth_getBlockByNumber
[2026/04/14 16:13:01.116] - eth_getTransactionReceipt
[2026/04/14 16:13:01.179] - eth_getBlockByNumber
[2026/04/14 16:13:01.340] - eth_getTransactionReceipt
[2026/04/14 16:13:10.378] - web3_clientVersion
[2026/04/14 16:13:10.392] - eth_blockNumber
[2026/04/14 16:13:10.510] - eth_getBlockByNumber
[2026/04/14 16:13:10.605] - eth_getBlockByNumber
[2026/04/14 16:13:10.656] - eth_getBlockByNumber
[2026/04/14 16:13:10.708] - web3_clientVersion
[2026/04/14 16:13:10.710] - eth_getBlockByNumber
[2026/04/14 16:13:10.738] - eth_blockNumber
[2026/04/14 16:13:10.758] - eth_getBlockByNumber
[2026/04/14 16:13:10.794] - eth_getBlockByNumber
[2026/04/14 16:13:10.823] - eth_getBlockByNumber
[2026/04/14 16:13:10.844] - eth_getBlockByNumber
[2026/04/14 16:13:10.859] - eth_getBlockByNumber
[2026/04/14 16:13:11.094] - eth_getBlockByNumber
[2026/04/14 16:13:11.121] - eth_getTransactionReceipt
[2026/04/14 16:13:11.157] - eth_getBlockByNumber
[2026/04/14 16:13:11.158] - eth_getBlockByNumber
[2026/04/14 16:13:11.196] - eth_getTransactionReceipt
[2026/04/14 16:13:11.204] - eth_getBlockByNumber
[2026/04/14 16:13:11.239] - eth_getTransactionReceipt
[2026/04/14 16:13:11.257] - eth_getBlockByNumber
[2026/04/14 16:13:11.279] - eth_getTransactionReceipt
[2026/04/14 16:13:11.759] - web3_clientVersion
[2026/04/14 16:13:11.810] - eth_blockNumber
[2026/04/14 16:13:11.979] - eth_getBlockByNumber
[2026/04/14 16:13:12.011] - eth_getBlockByNumber
[2026/04/14 16:13:12.028] - eth_getBlockByNumber
[2026/04/14 16:13:12.041] - eth_getBlockByNumber
[2026/04/14 16:13:12.062] - eth_getBlockByNumber
[2026/04/14 16:13:12.101] - eth_getBlockByNumber
[2026/04/14 16:13:12.129] - eth_getTransactionReceipt
[2026/04/14 16:13:12.145] - eth_getBlockByNumber
[2026/04/14 16:13:12.177] - eth_getTransactionReceipt
[2026/04/14 16:13:12.209] - web3_clientVersion
[2026/04/14 16:13:12.221] - eth_getBlockByNumber
[2026/04/14 16:13:38.655] - web3_clientVersion
[2026/04/14 16:13:38.688] - eth_blockNumber
[2026/04/14 16:13:38.720] - eth_getBlockByNumber
[2026/04/14 16:13:38.772] - eth_getBlockByNumber
[2026/04/14 16:13:38.804] - eth_getBlockByNumber
[2026/04/14 16:13:38.856] - eth_getBlockByNumber
[2026/04/14 16:13:38.921] - eth_getBlockByNumber
[2026/04/14 16:13:38.985] - eth_getBlockByNumber
[2026/04/14 16:13:39.054] - eth_getTransactionReceipt
[2026/04/14 16:13:39.086] - eth_getBlockByNumber
[2026/04/14 16:13:39.105] - eth_getTransactionReceipt
[2026/04/14 16:13:39.170] - web3_clientVersion
[2026/04/14 16:13:39.205] - eth_getBlockByNumber
[2026/04/14 16:14:19.238] - web3_clientVersion
[2026/04/14 16:14:19.249] - web3_clientVersion
[2026/04/14 16:14:20.888] - web3_clientVersion
[2026/04/14 16:14:35.282] - web3_clientVersion
[2026/04/14 16:14:35.292] - eth_blockNumber
[2026/04/14 16:14:35.304] - eth_getBlockByNumber
[2026/04/14 16:14:35.306] - web3_clientVersion
[2026/04/14 16:14:35.319] - eth_blockNumber
[2026/04/14 16:14:35.321] - eth_getBlockByNumber
[2026/04/14 16:14:35.324] - eth_getBlockByNumber
[2026/04/14 16:14:35.331] - eth_getBlockByNumber
[2026/04/14 16:14:35.338] - eth_getBlockByNumber
[2026/04/14 16:14:35.356] - eth_getBlockByNumber
[2026/04/14 16:14:35.360] - eth_getBlockByNumber
[2026/04/14 16:14:35.374] - eth_getBlockByNumber
[2026/04/14 16:14:35.375] - eth_getBlockByNumber
[2026/04/14 16:14:35.388] - web3_clientVersion
[2026/04/14 16:14:35.392] - eth_getBlockByNumber
[2026/04/14 16:14:35.393] - eth_getBlockByNumber
[2026/04/14 16:14:35.404] - eth_blockNumber
[2026/04/14 16:14:35.408] - eth_getTransactionReceipt
[2026/04/14 16:14:35.410] - eth_getBlockByNumber
[2026/04/14 16:14:35.422] - eth_getBlockByNumber
[2026/04/14 16:14:35.425] - eth_getBlockByNumber
[2026/04/14 16:14:35.457] - eth_getBlockByNumber
[2026/04/14 16:14:35.460] - eth_getTransactionReceipt
[2026/04/14 16:14:35.506] - eth_getTransactionReceipt
[2026/04/14 16:14:35.523] - eth_getBlockByNumber
[2026/04/14 16:14:35.526] - eth_getBlockByNumber
[2026/04/14 16:14:35.573] - eth_getBlockByNumber
[2026/04/14 16:14:35.643] - eth_getTransactionReceipt
[2026/04/14 16:14:35.672] - eth_getBlockByNumber
[2026/04/14 16:14:35.684] - eth_getBlockByNumber
[2026/04/14 16:14:35.721] - eth_getTransactionReceipt
[2026/04/14 16:14:35.741] - eth_getBlockByNumber
[2026/04/14 16:14:35.773] - eth_getTransactionReceipt
[2026/04/14 16:14:35.957] - web3_clientVersion
[2026/04/14 16:14:35.973] - eth_blockNumber
[2026/04/14 16:14:35.977] - eth_getBlockByNumber
[2026/04/14 16:14:35.992] - eth_getBlockByNumber
[2026/04/14 16:14:36.023] - web3_clientVersion
[2026/04/14 16:14:36.039] - eth_getBlockByNumber
[2026/04/14 16:14:36.059] - eth_blockNumber
[2026/04/14 16:14:36.074] - eth_getBlockByNumber
[2026/04/14 16:14:36.077] - eth_getBlockByNumber
[2026/04/14 16:14:36.092] - eth_getBlockByNumber
[2026/04/14 16:14:36.155] - eth_getBlockByNumber
[2026/04/14 16:14:36.157] - eth_getBlockByNumber
[2026/04/14 16:14:36.174] - web3_clientVersion
[2026/04/14 16:14:36.175] - eth_getBlockByNumber
[2026/04/14 16:14:36.187] - eth_getBlockByNumber
[2026/04/14 16:14:36.206] - eth_blockNumber
[2026/04/14 16:14:36.211] - eth_getTransactionReceipt
[2026/04/14 16:14:36.222] - eth_getBlockByNumber
[2026/04/14 16:14:36.224] - eth_getBlockByNumber
[2026/04/14 16:14:36.238] - eth_getBlockByNumber
[2026/04/14 16:14:36.240] - eth_getBlockByNumber
[2026/04/14 16:14:36.252] - eth_getBlockByNumber
[2026/04/14 16:14:36.256] - eth_getTransactionReceipt
[2026/04/14 16:14:36.260] - eth_getBlockByNumber
[2026/04/14 16:14:36.272] - eth_getTransactionReceipt
[2026/04/14 16:14:36.277] - eth_getBlockByNumber
[2026/04/14 16:14:36.294] - eth_getBlockByNumber
[2026/04/14 16:14:36.308] - eth_getBlockByNumber
[2026/04/14 16:14:36.326] - eth_getBlockByNumber
[2026/04/14 16:14:36.332] - eth_getTransactionReceipt
[2026/04/14 16:14:36.376] - eth_getTransactionReceipt
[2026/04/14 16:14:36.394] - eth_getBlockByNumber
[2026/04/14 16:14:36.427] - eth_getTransactionReceipt
[2026/04/14 16:14:38.757] - web3_clientVersion
[2026/04/14 16:14:38.788] - eth_blockNumber
[2026/04/14 16:14:38.812] - eth_getBlockByNumber
[2026/04/14 16:14:38.907] - eth_getBlockByNumber
[2026/04/14 16:14:38.957] - eth_getBlockByNumber
[2026/04/14 16:14:39.025] - eth_getBlockByNumber
[2026/04/14 16:14:39.074] - eth_getBlockByNumber
[2026/04/14 16:14:39.108] - eth_getBlockByNumber
[2026/04/14 16:14:39.159] - eth_getTransactionReceipt
[2026/04/14 16:14:39.188] - eth_getBlockByNumber
[2026/04/14 16:14:39.225] - eth_getTransactionReceipt
[2026/04/14 16:14:39.241] - web3_clientVersion
[2026/04/14 16:14:39.250] - eth_getBlockByNumber
[2026/04/14 16:14:39.339] - web3_clientVersion
[2026/04/14 16:14:39.346] - eth_blockNumber
[2026/04/14 16:14:39.775] - web3_clientVersion
[2026/04/14 16:14:39.780] - eth_blockNumber
[2026/04/14 16:14:39.791] - eth_getBlockByNumber
[2026/04/14 16:14:39.827] - eth_getBlockByNumber
[2026/04/14 16:14:39.895] - eth_getBlockByNumber
[2026/04/14 16:14:40.060] - eth_getBlockByNumber
[2026/04/14 16:14:40.096] - eth_getBlockByNumber
[2026/04/14 16:14:40.129] - eth_getBlockByNumber
[2026/04/14 16:14:40.174] - eth_getTransactionReceipt
[2026/04/14 16:14:40.185] - eth_getBlockByNumber
[2026/04/14 16:14:40.393] - eth_getTransactionReceipt
[2026/04/14 16:14:40.446] - web3_clientVersion
[2026/04/14 16:14:40.541] - eth_getBlockByNumber
[2026/04/14 16:14:50.881] - web3_clientVersion
[2026/04/14 16:14:55.739] - web3_clientVersion
[2026/04/14 16:14:55.745] - eth_blockNumber
[2026/04/14 16:14:55.750] - eth_getBlockByNumber
[2026/04/14 16:14:55.757] - eth_getBlockByNumber
[2026/04/14 16:14:55.762] - eth_getBlockByNumber
[2026/04/14 16:14:55.768] - eth_getBlockByNumber
[2026/04/14 16:14:55.775] - eth_getBlockByNumber
[2026/04/14 16:14:55.781] - eth_getBlockByNumber
[2026/04/14 16:14:55.788] - eth_getTransactionReceipt
[2026/04/14 16:14:55.793] - eth_getBlockByNumber
[2026/04/14 16:14:55.800] - eth_getTransactionReceipt
[2026/04/14 16:14:55.846] - web3_clientVersion
[2026/04/14 16:14:55.850] - eth_blockNumber
[2026/04/14 16:14:55.856] - eth_getBlockByNumber
[2026/04/14 16:14:55.863] - eth_getBlockByNumber
[2026/04/14 16:14:55.870] - eth_getBlockByNumber
[2026/04/14 16:14:55.882] - eth_getBlockByNumber
[2026/04/14 16:14:55.889] - eth_getBlockByNumber
[2026/04/14 16:14:55.895] - eth_getBlockByNumber
[2026/04/14 16:14:55.901] - eth_getTransactionReceipt
[2026/04/14 16:14:55.908] - eth_getBlockByNumber
[2026/04/14 16:14:55.913] - eth_getTransactionReceipt
[2026/04/14 16:15:08.452] - web3_clientVersion
[2026/04/14 16:15:08.456] - eth_blockNumber
[2026/04/14 16:15:08.470] - eth_getBlockByNumber
[2026/04/14 16:15:08.478] - eth_getBlockByNumber
[2026/04/14 16:15:08.493] - eth_getBlockByNumber
[2026/04/14 16:15:08.504] - eth_getBlockByNumber
[2026/04/14 16:15:08.621] - eth_getBlockByNumber
[2026/04/14 16:15:08.644] - eth_getBlockByNumber
[2026/04/14 16:15:08.697] - eth_getTransactionReceipt
[2026/04/14 16:15:08.705] - eth_getBlockByNumber
[2026/04/14 16:15:08.752] - eth_getTransactionReceipt
[2026/04/14 16:15:08.761] - web3_clientVersion
[2026/04/14 16:15:08.773] - eth_getBlockByNumber
[2026/04/14 16:15:10.041] - web3_clientVersion
[2026/04/14 16:15:10.070] - eth_blockNumber
[2026/04/14 16:15:10.103] - eth_getBlockByNumber
[2026/04/14 16:15:10.122] - eth_getBlockByNumber
[2026/04/14 16:15:10.149] - eth_getBlockByNumber
[2026/04/14 16:15:10.169] - eth_getBlockByNumber
[2026/04/14 16:15:10.183] - eth_getBlockByNumber
[2026/04/14 16:15:10.206] - eth_getBlockByNumber
[2026/04/14 16:15:10.238] - eth_getTransactionReceipt
[2026/04/14 16:15:10.252] - eth_getBlockByNumber
[2026/04/14 16:15:10.269] - eth_getTransactionReceipt
[2026/04/14 16:15:10.283] - web3_clientVersion
[2026/04/14 16:15:10.288] - eth_getBlockByNumber
[2026/04/14 16:15:10.573] - web3_clientVersion
[2026/04/14 16:15:10.588] - eth_blockNumber
[2026/04/14 16:15:16.986] - web3_clientVersion
[2026/04/14 16:15:17.036] - eth_blockNumber
[2026/04/14 16:15:17.145] - eth_getBlockByNumber
[2026/04/14 16:15:17.437] - eth_getBlockByNumber
[2026/04/14 16:15:17.608] - eth_getBlockByNumber
[2026/04/14 16:15:17.627] - web3_clientVersion
[2026/04/14 16:15:17.670] - eth_blockNumber
[2026/04/14 16:15:17.834] - eth_getBlockByNumber
[2026/04/14 16:15:17.904] - eth_getBlockByNumber
[2026/04/14 16:15:17.943] - eth_getBlockByNumber
[2026/04/14 16:15:17.995] - eth_getBlockByNumber
[2026/04/14 16:15:18.057] - eth_getBlockByNumber
[2026/04/14 16:15:18.085] - eth_getBlockByNumber
[2026/04/14 16:15:18.185] - eth_getBlockByNumber
[2026/04/14 16:15:18.186] - eth_getBlockByNumber
[2026/04/14 16:15:18.223] - eth_getTransactionReceipt
[2026/04/14 16:15:18.237] - eth_getBlockByNumber
[2026/04/14 16:15:18.441] - eth_getTransactionReceipt
[2026/04/14 16:15:18.522] - eth_getBlockByNumber
[2026/04/14 16:15:18.557] - eth_getBlockByNumber
[2026/04/14 16:15:18.584] - eth_getTransactionReceipt
[2026/04/14 16:15:18.610] - eth_getTransactionReceipt
[2026/04/14 16:15:19.598] - web3_clientVersion
[2026/04/14 16:15:19.607] - eth_blockNumber
[2026/04/14 16:15:19.617] - eth_getBlockByNumber
[2026/04/14 16:15:19.625] - eth_getBlockByNumber
[2026/04/14 16:15:19.641] - eth_getBlockByNumber
[2026/04/14 16:15:19.656] - eth_getBlockByNumber
[2026/04/14 16:15:19.668] - eth_getBlockByNumber
[2026/04/14 16:15:19.675] - eth_getBlockByNumber
[2026/04/14 16:15:19.688] - eth_getTransactionReceipt
[2026/04/14 16:15:19.694] - eth_getBlockByNumber
[2026/04/14 16:15:19.705] - eth_getTransactionReceipt
[2026/04/14 16:15:19.710] - web3_clientVersion
[2026/04/14 16:15:19.719] - eth_blockNumber
[2026/04/14 16:15:19.733] - eth_getBlockByNumber
[2026/04/14 16:15:19.748] - eth_getBlockByNumber
[2026/04/14 16:15:19.767] - eth_getBlockByNumber
[2026/04/14 16:15:19.780] - eth_getBlockByNumber
[2026/04/14 16:15:19.792] - eth_getBlockByNumber
[2026/04/14 16:15:19.805] - eth_getBlockByNumber
[2026/04/14 16:15:19.927] - eth_getTransactionReceipt
[2026/04/14 16:15:19.969] - eth_getBlockByNumber
[2026/04/14 16:15:20.105] - eth_getTransactionReceipt
[2026/04/14 16:15:20.911] - web3_clientVersion
[2026/04/14 16:15:20.926] - eth_blockNumber
[2026/04/14 16:15:20.940] - eth_getBlockByNumber
[2026/04/14 16:15:20.958] - eth_getBlockByNumber
[2026/04/14 16:15:21.005] - eth_getBlockByNumber
[2026/04/14 16:15:21.023] - eth_getBlockByNumber
[2026/04/14 16:15:21.043] - eth_getBlockByNumber
[2026/04/14 16:15:21.069] - eth_getBlockByNumber
[2026/04/14 16:15:21.191] - eth_getTransactionReceipt
[2026/04/14 16:15:21.200] - eth_getBlockByNumber
[2026/04/14 16:15:21.362] - eth_getTransactionReceipt
[2026/04/14 16:15:21.378] - web3_clientVersion
[2026/04/14 16:15:21.402] - eth_getBlockByNumber
[2026/04/14 16:15:36.134] - web3_clientVersion
[2026/04/14 16:15:36.161] - eth_blockNumber
[2026/04/14 16:15:46.982] - web3_clientVersion
[2026/04/14 16:15:46.988] - eth_blockNumber
[2026/04/14 16:15:59.092] - web3_clientVersion
[2026/04/14 16:15:59.357] - eth_blockNumber
[2026/04/14 16:15:59.522] - eth_getBlockByNumber
[2026/04/14 16:15:59.536] - eth_getBlockByNumber
[2026/04/14 16:15:59.687] - eth_getBlockByNumber
[2026/04/14 16:15:59.819] - eth_getBlockByNumber
[2026/04/14 16:16:00.275] - eth_getBlockByNumber
[2026/04/14 16:16:00.535] - eth_getBlockByNumber
[2026/04/14 16:16:00.953] - eth_getTransactionReceipt
[2026/04/14 16:16:00.990] - eth_getBlockByNumber
[2026/04/14 16:16:01.006] - eth_getTransactionReceipt
[2026/04/14 16:16:01.143] - web3_clientVersion
[2026/04/14 16:16:01.241] - eth_getBlockByNumber
[2026/04/14 16:16:48.143] - web3_clientVersion
[2026/04/14 16:17:00.487] - web3_clientVersion
[2026/04/14 16:17:00.500] - eth_blockNumber
[2026/04/14 16:17:00.507] - eth_getBlockByNumber
[2026/04/14 16:17:00.554] - eth_getBlockByNumber
[2026/04/14 16:17:00.715] - eth_getBlockByNumber
[2026/04/14 16:17:00.725] - eth_getBlockByNumber
[2026/04/14 16:17:00.735] - eth_getBlockByNumber
[2026/04/14 16:17:00.748] - eth_getBlockByNumber
[2026/04/14 16:17:00.765] - eth_getTransactionReceipt
[2026/04/14 16:17:00.803] - eth_getBlockByNumber
[2026/04/14 16:17:00.811] - eth_getTransactionReceipt
[2026/04/14 16:17:00.909] - web3_clientVersion
[2026/04/14 16:17:00.919] - eth_blockNumber
[2026/04/14 16:17:01.045] - eth_getBlockByNumber
[2026/04/14 16:17:01.059] - eth_getBlockByNumber
[2026/04/14 16:17:02.722] - eth_getBlockByNumber
[2026/04/14 16:17:02.729] - eth_getBlockByNumber
[2026/04/14 16:17:02.734] - eth_getBlockByNumber
[2026/04/14 16:17:02.741] - eth_getBlockByNumber
[2026/04/14 16:17:02.747] - eth_getTransactionReceipt
[2026/04/14 16:17:02.753] - eth_getBlockByNumber
[2026/04/14 16:17:02.756] - eth_getTransactionReceipt
[2026/04/14 16:17:15.707] - web3_clientVersion
[2026/04/14 16:17:34.079] - web3_clientVersion
[2026/04/14 16:17:34.091] - eth_blockNumber
[2026/04/14 16:17:34.100] - eth_getBlockByNumber
[2026/04/14 16:17:34.113] - eth_getBlockByNumber
[2026/04/14 16:17:34.122] - eth_getBlockByNumber
[2026/04/14 16:17:34.140] - eth_getBlockByNumber
[2026/04/14 16:17:34.150] - eth_getBlockByNumber
[2026/04/14 16:17:34.173] - eth_getBlockByNumber
[2026/04/14 16:17:34.184] - eth_getTransactionReceipt
[2026/04/14 16:17:34.191] - eth_getBlockByNumber
[2026/04/14 16:17:34.200] - eth_getTransactionReceipt
[2026/04/14 16:17:34.273] - web3_clientVersion
[2026/04/14 16:17:34.278] - eth_blockNumber
[2026/04/14 16:17:34.285] - eth_getBlockByNumber
[2026/04/14 16:17:34.290] - eth_getBlockByNumber
[2026/04/14 16:17:34.300] - eth_getBlockByNumber
[2026/04/14 16:17:34.307] - eth_getBlockByNumber
[2026/04/14 16:17:34.315] - eth_getBlockByNumber
[2026/04/14 16:17:34.356] - eth_getBlockByNumber
[2026/04/14 16:17:34.374] - eth_getTransactionReceipt
[2026/04/14 16:17:34.386] - eth_getBlockByNumber
[2026/04/14 16:17:34.393] - eth_getTransactionReceipt
[2026/04/14 17:19:08.685] - web3_clientVersion
[2026/04/14 17:19:08.711] - web3_clientVersion
[2026/04/14 17:19:08.713] - web3_clientVersion
[2026/04/14 17:19:08.714] - web3_clientVersion
[2026/04/14 17:19:13.481] - web3_clientVersion
[2026/04/14 17:19:13.486] - eth_blockNumber
[2026/04/14 17:19:13.504] - eth_getBlockByNumber
[2026/04/14 17:19:13.553] - web3_clientVersion
[2026/04/14 17:19:13.556] - web3_clientVersion
[2026/04/14 17:19:13.580] - eth_blockNumber
[2026/04/14 17:19:13.585] - eth_blockNumber
[2026/04/14 17:19:13.621] - eth_getBlockByNumber
[2026/04/14 17:19:13.627] - eth_getBlockByNumber
[2026/04/14 17:19:13.630] - eth_getBlockByNumber
[2026/04/14 17:19:13.647] - eth_getBlockByNumber
[2026/04/14 17:19:13.650] - eth_getBlockByNumber
[2026/04/14 17:19:13.652] - eth_getBlockByNumber
[2026/04/14 17:19:13.670] - eth_getBlockByNumber
[2026/04/14 17:19:13.673] - eth_getBlockByNumber
[2026/04/14 17:19:13.674] - eth_getBlockByNumber
[2026/04/14 17:19:13.694] - eth_getBlockByNumber
[2026/04/14 17:19:13.695] - eth_getBlockByNumber
[2026/04/14 17:19:13.697] - eth_getBlockByNumber
[2026/04/14 17:19:13.715] - eth_getBlockByNumber
[2026/04/14 17:19:13.718] - eth_getBlockByNumber
[2026/04/14 17:19:13.720] - eth_getBlockByNumber
[2026/04/14 17:19:13.733] - eth_getTransactionReceipt
[2026/04/14 17:19:13.737] - eth_getBlockByNumber
[2026/04/14 17:19:13.739] - eth_getBlockByNumber
[2026/04/14 17:19:13.783] - eth_getBlockByNumber
[2026/04/14 17:19:13.786] - eth_getTransactionReceipt
[2026/04/14 17:19:13.790] - eth_getTransactionReceipt
[2026/04/14 17:19:13.805] - eth_getTransactionReceipt
[2026/04/14 17:19:13.812] - eth_getBlockByNumber
[2026/04/14 17:19:13.817] - eth_getBlockByNumber
[2026/04/14 17:19:13.834] - eth_getTransactionReceipt
[2026/04/14 17:19:13.883] - eth_getTransactionReceipt
[2026/04/14 17:19:13.892] - web3_clientVersion
[2026/04/14 17:19:13.950] - eth_blockNumber
[2026/04/14 17:19:13.955] - eth_getBlockByNumber
[2026/04/14 17:19:13.973] - web3_clientVersion
[2026/04/14 17:19:13.986] - web3_clientVersion
[2026/04/14 17:19:14.011] - eth_blockNumber
[2026/04/14 17:19:14.019] - eth_blockNumber
[2026/04/14 17:19:14.023] - eth_getBlockByNumber
[2026/04/14 17:19:14.028] - eth_getBlockByNumber
[2026/04/14 17:19:14.034] - eth_getBlockByNumber
[2026/04/14 17:19:14.047] - eth_getBlockByNumber
[2026/04/14 17:19:14.049] - eth_getBlockByNumber
[2026/04/14 17:19:14.053] - eth_getBlockByNumber
[2026/04/14 17:19:14.088] - eth_getBlockByNumber
[2026/04/14 17:19:14.096] - eth_getBlockByNumber
[2026/04/14 17:19:14.099] - eth_getBlockByNumber
[2026/04/14 17:19:14.106] - eth_getBlockByNumber
[2026/04/14 17:19:14.114] - eth_getBlockByNumber
[2026/04/14 17:19:14.115] - eth_getBlockByNumber
[2026/04/14 17:19:14.131] - eth_getBlockByNumber
[2026/04/14 17:19:14.135] - eth_getBlockByNumber
[2026/04/14 17:19:14.137] - eth_getBlockByNumber
[2026/04/14 17:19:14.150] - eth_getTransactionReceipt
[2026/04/14 17:19:14.152] - eth_getBlockByNumber
[2026/04/14 17:19:14.153] - eth_getBlockByNumber
[2026/04/14 17:19:14.177] - eth_getBlockByNumber
[2026/04/14 17:19:14.189] - eth_getTransactionReceipt
[2026/04/14 17:19:14.196] - eth_getTransactionReceipt
[2026/04/14 17:19:14.224] - eth_getTransactionReceipt
[2026/04/14 17:19:14.228] - eth_getBlockByNumber
[2026/04/14 17:19:14.233] - eth_getBlockByNumber
[2026/04/14 17:19:14.247] - eth_getTransactionReceipt
[2026/04/14 17:19:14.262] - eth_getTransactionReceipt
[2026/04/14 17:19:15.070] - web3_clientVersion
[2026/04/14 17:19:15.077] - eth_blockNumber
[2026/04/14 17:19:15.081] - eth_getBlockByNumber
[2026/04/14 17:19:15.087] - eth_getBlockByNumber
[2026/04/14 17:19:15.091] - eth_getBlockByNumber
[2026/04/14 17:19:15.098] - eth_getBlockByNumber
[2026/04/14 17:19:15.104] - eth_getBlockByNumber
[2026/04/14 17:19:15.108] - eth_getBlockByNumber
[2026/04/14 17:19:15.115] - eth_getTransactionReceipt
[2026/04/14 17:19:15.119] - eth_getBlockByNumber
[2026/04/14 17:19:15.124] - eth_getTransactionReceipt
[2026/04/14 17:19:15.162] - web3_clientVersion
[2026/04/14 17:19:15.166] - eth_blockNumber
[2026/04/14 17:19:15.169] - eth_getBlockByNumber
[2026/04/14 17:19:15.173] - eth_getBlockByNumber
[2026/04/14 17:19:15.179] - eth_getBlockByNumber
[2026/04/14 17:19:15.185] - eth_getBlockByNumber
[2026/04/14 17:19:15.191] - eth_getBlockByNumber
[2026/04/14 17:19:15.199] - eth_getBlockByNumber
[2026/04/14 17:19:15.204] - eth_getTransactionReceipt
[2026/04/14 17:19:15.208] - eth_getBlockByNumber
[2026/04/14 17:19:15.215] - eth_getTransactionReceipt
[2026/04/14 17:19:15.763] - web3_clientVersion
[2026/04/14 17:19:15.767] - eth_blockNumber
[2026/04/14 17:19:15.770] - eth_getBlockByNumber
[2026/04/14 17:19:15.776] - eth_getBlockByNumber
[2026/04/14 17:19:15.782] - eth_getBlockByNumber
[2026/04/14 17:19:15.786] - eth_getBlockByNumber
[2026/04/14 17:19:15.790] - eth_getBlockByNumber
[2026/04/14 17:19:15.795] - eth_getBlockByNumber
[2026/04/14 17:19:15.799] - eth_getTransactionReceipt
[2026/04/14 17:19:15.804] - eth_getBlockByNumber
[2026/04/14 17:19:15.809] - eth_getTransactionReceipt
[2026/04/14 17:19:15.814] - web3_clientVersion
[2026/04/14 17:19:15.817] - eth_getBlockByNumber
[2026/04/14 17:19:59.540] - web3_clientVersion
[2026/04/14 17:19:59.546] - eth_blockNumber
[2026/04/14 17:19:59.551] - eth_getBlockByNumber
[2026/04/14 17:19:59.557] - eth_getBlockByNumber
[2026/04/14 17:19:59.565] - eth_getBlockByNumber
[2026/04/14 17:19:59.572] - eth_getBlockByNumber
[2026/04/14 17:19:59.579] - eth_getBlockByNumber
[2026/04/14 17:19:59.586] - eth_getBlockByNumber
[2026/04/14 17:19:59.595] - eth_getTransactionReceipt
[2026/04/14 17:19:59.601] - eth_getBlockByNumber
[2026/04/14 17:19:59.612] - eth_getTransactionReceipt
[2026/04/14 17:19:59.618] - web3_clientVersion
[2026/04/14 17:19:59.623] - eth_getBlockByNumber
[2026/04/14 17:20:59.515] - web3_clientVersion
[2026/04/14 17:20:59.519] - eth_blockNumber
[2026/04/14 17:20:59.522] - eth_getBlockByNumber
[2026/04/14 17:20:59.526] - eth_getBlockByNumber
[2026/04/14 17:20:59.532] - eth_getBlockByNumber
[2026/04/14 17:20:59.538] - eth_getBlockByNumber
[2026/04/14 17:20:59.543] - eth_getBlockByNumber
[2026/04/14 17:20:59.548] - eth_getBlockByNumber
[2026/04/14 17:20:59.554] - eth_getTransactionReceipt
[2026/04/14 17:20:59.558] - eth_getBlockByNumber
[2026/04/14 17:20:59.571] - eth_getTransactionReceipt
[2026/04/14 17:20:59.577] - web3_clientVersion
[2026/04/14 17:20:59.581] - eth_getBlockByNumber
[2026/04/14 17:21:59.546] - web3_clientVersion
[2026/04/14 17:21:59.551] - eth_blockNumber
[2026/04/14 17:21:59.558] - eth_getBlockByNumber
[2026/04/14 17:21:59.567] - eth_getBlockByNumber
[2026/04/14 17:21:59.574] - eth_getBlockByNumber
[2026/04/14 17:21:59.583] - eth_getBlockByNumber
[2026/04/14 17:21:59.591] - eth_getBlockByNumber
[2026/04/14 17:21:59.601] - eth_getBlockByNumber
[2026/04/14 17:21:59.609] - eth_getTransactionReceipt
[2026/04/14 17:21:59.616] - eth_getBlockByNumber
[2026/04/14 17:21:59.622] - eth_getTransactionReceipt
[2026/04/14 17:21:59.629] - web3_clientVersion
[2026/04/14 17:21:59.634] - eth_getBlockByNumber
[2026/04/14 17:22:59.462] - web3_clientVersion
[2026/04/14 17:22:59.468] - eth_blockNumber
[2026/04/14 17:22:59.472] - eth_getBlockByNumber
[2026/04/14 17:22:59.477] - eth_getBlockByNumber
[2026/04/14 17:22:59.482] - eth_getBlockByNumber
[2026/04/14 17:22:59.487] - eth_getBlockByNumber
[2026/04/14 17:22:59.492] - eth_getBlockByNumber
[2026/04/14 17:22:59.499] - eth_getBlockByNumber
[2026/04/14 17:22:59.504] - eth_getTransactionReceipt
[2026/04/14 17:22:59.510] - eth_getBlockByNumber
[2026/04/14 17:22:59.516] - eth_getTransactionReceipt
[2026/04/14 17:22:59.522] - web3_clientVersion
[2026/04/14 17:22:59.525] - eth_getBlockByNumber
[2026/04/14 17:23:19.125] - web3_clientVersion
[2026/04/14 17:23:19.150] - eth_blockNumber
[2026/04/14 17:23:19.168] - eth_getBlockByNumber
[2026/04/14 17:23:19.204] - eth_getBlockByNumber
[2026/04/14 17:23:19.268] - eth_getBlockByNumber
[2026/04/14 17:23:19.276] - eth_getBlockByNumber
[2026/04/14 17:23:19.312] - eth_getBlockByNumber
[2026/04/14 17:23:19.318] - eth_getBlockByNumber
[2026/04/14 17:23:19.340] - eth_getTransactionReceipt
[2026/04/14 17:23:19.401] - eth_getBlockByNumber
[2026/04/14 17:23:19.405] - eth_getTransactionReceipt
[2026/04/14 17:23:19.448] - web3_clientVersion
[2026/04/14 17:23:19.451] - eth_getBlockByNumber
[2026/04/14 17:23:24.673] - eth_unsubscribe
[2026/04/14 17:23:24.676] - eth_unsubscribe
