[2026/04/25 16:57:30.715] - Starting server with initial configuration: {"gasLimit":6721975,"gasPrice":2000000000000000,"hardfork":"merge","hostname":"127.0.0.1","port":7545,"network_id":1337,"default_balance_ether":100000000000,"total_accounts":10,"unlocked_accounts":[],"locked":false,"vmErrorsOnRPCResponse":true,"verbose":false,"flavor":"ethereum","db_path":"C:\\Users\\Deepak Chheda\\AppData\\Roaming\\Ganache\\ui\\workspaces\\AI-CHAIN-GUARD\\chaindata","logDirectory":"C:\\Users\\Deepak Chheda\\OneDrive\\Desktop\\MINI PROJECT\\GANACHELOGS"}
[2026/04/25 16:59:18.757] - web3_clientVersion
[2026/04/25 16:59:19.166] - eth_blockNumber
[2026/04/25 16:59:19.230] - eth_getBlockByNumber
[2026/04/25 16:59:19.402] - eth_getBlockByNumber
[2026/04/25 16:59:19.431] - eth_getBlockByNumber
[2026/04/25 16:59:19.447] - eth_getBlockByNumber
[2026/04/25 16:59:19.456] - eth_getBlockByNumber
[2026/04/25 16:59:19.483] - eth_getBlockByNumber
[2026/04/25 16:59:20.273] - eth_getTransactionReceipt
[2026/04/25 16:59:20.735] - eth_getBlockByNumber
[2026/04/25 16:59:20.944] - eth_getTransactionReceipt
[2026/04/25 16:59:22.662] - web3_clientVersion
[2026/04/25 16:59:22.669] - eth_blockNumber
[2026/04/25 16:59:22.684] - eth_getBlockByNumber
[2026/04/25 16:59:22.690] - eth_getBlockByNumber
[2026/04/25 16:59:22.702] - eth_getBlockByNumber
[2026/04/25 16:59:22.757] - eth_getBlockByNumber
[2026/04/25 16:59:22.780] - eth_getBlockByNumber
[2026/04/25 16:59:22.821] - eth_getBlockByNumber
[2026/04/25 16:59:22.827] - eth_getTransactionReceipt
[2026/04/25 16:59:22.862] - eth_getBlockByNumber
[2026/04/25 16:59:22.889] - eth_getTransactionReceipt
[2026/04/25 16:59:39.833] - web3_clientVersion
[2026/04/25 17:00:07.094] - web3_clientVersion
[2026/04/25 17:00:07.104] - eth_blockNumber
[2026/04/25 17:00:07.112] - eth_getBlockByNumber
[2026/04/25 17:00:07.128] - eth_getBlockByNumber
[2026/04/25 17:00:07.139] - eth_getBlockByNumber
[2026/04/25 17:00:07.150] - eth_getBlockByNumber
[2026/04/25 17:00:07.169] - eth_getBlockByNumber
[2026/04/25 17:00:07.182] - eth_getBlockByNumber
[2026/04/25 17:00:07.192] - eth_getTransactionReceipt
[2026/04/25 17:00:07.203] - eth_getBlockByNumber
[2026/04/25 17:00:07.211] - eth_getTransactionReceipt
[2026/04/25 17:00:07.328] - web3_clientVersion
[2026/04/25 17:00:07.335] - eth_blockNumber
[2026/04/25 17:00:07.343] - eth_getBlockByNumber
[2026/04/25 17:00:07.360] - eth_getBlockByNumber
[2026/04/25 17:00:07.375] - eth_getBlockByNumber
[2026/04/25 17:00:07.385] - eth_getBlockByNumber
[2026/04/25 17:00:07.396] - eth_getBlockByNumber
[2026/04/25 17:00:07.407] - eth_getBlockByNumber
[2026/04/25 17:00:07.416] - eth_getTransactionReceipt
[2026/04/25 17:00:07.426] - eth_getBlockByNumber
[2026/04/25 17:00:07.440] - eth_getTransactionReceipt
[2026/04/25 17:00:08.287] - eth_subscribe
[2026/04/25 17:00:08.296] - eth_getLogs
[2026/04/25 17:00:08.301] - eth_subscribe
[2026/04/25 17:00:14.440] - web3_clientVersion
[2026/04/25 17:00:23.452] - web3_clientVersion
[2026/04/25 17:00:23.484] - eth_blockNumber
[2026/04/25 17:00:23.495] - eth_getBlockByNumber
[2026/04/25 17:00:23.502] - eth_getBlockByNumber
[2026/04/25 17:00:23.511] - eth_getBlockByNumber
[2026/04/25 17:00:23.520] - eth_getBlockByNumber
[2026/04/25 17:00:23.531] - eth_getBlockByNumber
[2026/04/25 17:00:23.551] - eth_getBlockByNumber
[2026/04/25 17:00:23.567] - eth_getTransactionReceipt
[2026/04/25 17:00:23.574] - eth_getBlockByNumber
[2026/04/25 17:00:23.581] - eth_getTransactionReceipt
[2026/04/25 17:00:23.696] - web3_clientVersion
[2026/04/25 17:00:23.702] - eth_blockNumber
[2026/04/25 17:00:23.709] - eth_getBlockByNumber
[2026/04/25 17:00:23.715] - eth_getBlockByNumber
[2026/04/25 17:00:23.726] - eth_getBlockByNumber
[2026/04/25 17:00:23.740] - eth_getBlockByNumber
[2026/04/25 17:00:23.748] - eth_getBlockByNumber
[2026/04/25 17:00:23.755] - eth_getBlockByNumber
[2026/04/25 17:00:23.763] - eth_getTransactionReceipt
[2026/04/25 17:00:23.769] - eth_getBlockByNumber
[2026/04/25 17:00:23.777] - eth_getTransactionReceipt
[2026/04/25 17:00:31.878] - eth_subscribe
[2026/04/25 17:00:31.881] - eth_getLogs
[2026/04/25 17:00:31.883] - eth_subscribe
[2026/04/25 17:00:33.226] - eth_blockNumber
[2026/04/25 17:00:33.238] - eth_accounts
[2026/04/25 17:00:33.241] - eth_gasPrice
[2026/04/25 17:00:33.319] - eth_getBlockByNumber
[2026/04/25 17:00:33.321] - eth_subscribe
[2026/04/25 17:00:33.347] - eth_blockNumber
[2026/04/25 17:00:33.371] - eth_accounts
[2026/04/25 17:00:34.164] - eth_getBalance
[2026/04/25 17:00:34.181] - eth_getTransactionCount
[2026/04/25 17:00:34.202] - eth_getBalance
[2026/04/25 17:00:34.401] - eth_getTransactionCount
[2026/04/25 17:00:34.835] - eth_getBalance
[2026/04/25 17:00:35.548] - eth_getTransactionCount
[2026/04/25 17:00:35.572] - eth_getBalance
[2026/04/25 17:00:37.502] - eth_getTransactionCount
[2026/04/25 17:00:38.019] - eth_getBalance
[2026/04/25 17:00:38.897] - eth_getTransactionCount
[2026/04/25 17:00:38.905] - eth_getBalance
[2026/04/25 17:00:38.984] - eth_getTransactionCount
[2026/04/25 17:00:43.053] - eth_getBalance
[2026/04/25 17:00:43.131] - eth_getTransactionCount
[2026/04/25 17:00:43.556] - eth_getBalance
[2026/04/25 17:00:43.566] - eth_getTransactionCount
[2026/04/25 17:00:43.633] - eth_getBalance
[2026/04/25 17:00:43.640] - eth_getTransactionCount
[2026/04/25 17:00:43.770] - eth_getBalance
[2026/04/25 17:00:43.771] - eth_getTransactionCount
[2026/04/25 17:00:43.773] - eth_getBalance
[2026/04/25 17:00:43.774] - eth_getTransactionCount
[2026/04/25 17:00:43.775] - eth_getBalance
[2026/04/25 17:00:43.776] - eth_getTransactionCount
[2026/04/25 17:00:43.931] - eth_getBalance
[2026/04/25 17:00:43.934] - eth_getTransactionCount
[2026/04/25 17:00:43.936] - eth_getBalance
[2026/04/25 17:00:43.937] - eth_getTransactionCount
[2026/04/25 17:00:43.938] - eth_getBalance
[2026/04/25 17:00:43.938] - eth_getTransactionCount
[2026/04/25 17:00:43.939] - eth_getBalance
[2026/04/25 17:00:44.072] - eth_getTransactionCount
[2026/04/25 17:00:44.073] - eth_getBalance
[2026/04/25 17:00:44.074] - eth_getTransactionCount
[2026/04/25 17:00:44.075] - eth_getBalance
[2026/04/25 17:00:44.075] - eth_getTransactionCount
[2026/04/25 17:00:44.076] - eth_getBalance
[2026/04/25 17:00:44.077] - eth_getTransactionCount
[2026/04/25 17:00:44.077] - eth_getBalance
[2026/04/25 17:00:44.078] - eth_getTransactionCount
[2026/04/25 17:00:44.182] - eth_gasPrice
[2026/04/25 17:00:44.183] - eth_getBlockByNumber
[2026/04/25 17:00:44.184] - eth_subscribe
[2026/04/25 17:00:46.273] - web3_clientVersion
[2026/04/25 17:00:46.322] - eth_blockNumber
[2026/04/25 17:00:46.364] - eth_getBlockByNumber
[2026/04/25 17:00:46.421] - eth_getBlockByNumber
[2026/04/25 17:00:46.447] - eth_getBlockByNumber
[2026/04/25 17:00:46.489] - eth_getBlockByNumber
[2026/04/25 17:00:46.535] - eth_getBlockByNumber
[2026/04/25 17:00:46.571] - eth_getBlockByNumber
[2026/04/25 17:00:46.591] - eth_getTransactionReceipt
[2026/04/25 17:00:46.600] - eth_getBlockByNumber
[2026/04/25 17:00:46.661] - eth_getTransactionReceipt
[2026/04/25 17:00:46.668] - web3_clientVersion
[2026/04/25 17:00:46.741] - eth_getBlockByNumber
[2026/04/25 17:00:48.394] - eth_getBalance
[2026/04/25 17:00:48.411] - eth_getTransactionCount
[2026/04/25 17:00:48.688] - eth_getBalance
[2026/04/25 17:00:48.698] - eth_getTransactionCount
[2026/04/25 17:00:48.712] - eth_getBalance
[2026/04/25 17:00:48.722] - eth_getTransactionCount
[2026/04/25 17:00:48.734] - eth_getBalance
[2026/04/25 17:00:48.738] - eth_getTransactionCount
[2026/04/25 17:00:48.752] - eth_getBalance
[2026/04/25 17:00:48.753] - eth_getTransactionCount
[2026/04/25 17:00:48.770] - eth_getBalance
[2026/04/25 17:00:48.774] - eth_getTransactionCount
[2026/04/25 17:00:48.778] - eth_getBalance
[2026/04/25 17:00:48.802] - eth_getTransactionCount
[2026/04/25 17:00:48.836] - eth_getBalance
[2026/04/25 17:00:48.837] - eth_getTransactionCount
[2026/04/25 17:00:48.838] - eth_getBalance
[2026/04/25 17:00:48.888] - eth_getTransactionCount
[2026/04/25 17:00:48.928] - eth_getBalance
[2026/04/25 17:00:48.930] - eth_getTransactionCount
[2026/04/25 17:00:48.935] - eth_getBalance
[2026/04/25 17:00:48.939] - eth_getTransactionCount
[2026/04/25 17:00:48.943] - eth_getBalance
[2026/04/25 17:00:48.954] - eth_getTransactionCount
[2026/04/25 17:00:48.955] - eth_getBalance
[2026/04/25 17:00:48.973] - eth_getTransactionCount
[2026/04/25 17:00:49.037] - eth_getBalance
[2026/04/25 17:00:49.043] - eth_getTransactionCount
[2026/04/25 17:00:49.050] - eth_getBalance
[2026/04/25 17:00:49.054] - eth_getTransactionCount
[2026/04/25 17:00:49.057] - eth_getBalance
[2026/04/25 17:00:49.060] - eth_getTransactionCount
[2026/04/25 17:00:49.068] - eth_getBalance
[2026/04/25 17:00:49.103] - eth_getTransactionCount
[2026/04/25 17:00:49.105] - eth_getBalance
[2026/04/25 17:00:49.106] - eth_getTransactionCount
[2026/04/25 17:00:49.107] - eth_getBalance
[2026/04/25 17:00:49.328] - eth_getTransactionCount
[2026/04/25 17:00:49.331] - eth_getBalance
[2026/04/25 17:00:49.333] - eth_getTransactionCount
[2026/04/25 17:00:55.056] - web3_clientVersion
[2026/04/25 17:00:55.076] - eth_blockNumber
[2026/04/25 17:00:55.084] - eth_getBlockByNumber
[2026/04/25 17:00:55.096] - eth_getBlockByNumber
[2026/04/25 17:00:55.120] - eth_getBlockByNumber
[2026/04/25 17:00:55.171] - eth_getBlockByNumber
[2026/04/25 17:00:55.186] - eth_getBlockByNumber
[2026/04/25 17:00:55.197] - eth_getBlockByNumber
[2026/04/25 17:00:55.226] - eth_getTransactionReceipt
[2026/04/25 17:00:55.237] - eth_getBlockByNumber
[2026/04/25 17:00:55.245] - eth_getTransactionReceipt
[2026/04/25 17:00:55.278] - web3_clientVersion
[2026/04/25 17:00:55.292] - eth_getBlockByNumber
[2026/04/25 17:01:57.161] - web3_clientVersion
[2026/04/25 17:02:03.247] - web3_clientVersion
[2026/04/25 17:02:03.253] - eth_blockNumber
[2026/04/25 17:02:03.270] - eth_getBlockByNumber
[2026/04/25 17:02:03.285] - eth_getBlockByNumber
[2026/04/25 17:02:03.292] - eth_getBlockByNumber
[2026/04/25 17:02:03.300] - eth_getBlockByNumber
[2026/04/25 17:02:03.307] - eth_getBlockByNumber
[2026/04/25 17:02:03.317] - eth_getBlockByNumber
[2026/04/25 17:02:03.323] - eth_getTransactionReceipt
[2026/04/25 17:02:03.331] - eth_getBlockByNumber
[2026/04/25 17:02:03.344] - eth_getTransactionReceipt
[2026/04/25 17:02:03.380] - web3_clientVersion
[2026/04/25 17:02:03.384] - eth_blockNumber
[2026/04/25 17:02:03.388] - eth_getBlockByNumber
[2026/04/25 17:02:03.394] - eth_getBlockByNumber
[2026/04/25 17:02:03.398] - eth_getBlockByNumber
[2026/04/25 17:02:03.402] - eth_getBlockByNumber
[2026/04/25 17:02:03.408] - eth_getBlockByNumber
[2026/04/25 17:02:03.413] - eth_getBlockByNumber
[2026/04/25 17:02:03.417] - eth_getTransactionReceipt
[2026/04/25 17:02:03.421] - eth_getBlockByNumber
[2026/04/25 17:02:03.426] - eth_getTransactionReceipt
[2026/04/25 17:02:07.268] - web3_clientVersion
[2026/04/25 17:02:10.894] - web3_clientVersion
[2026/04/25 17:02:10.901] - eth_blockNumber
[2026/04/25 17:02:10.906] - eth_getBlockByNumber
[2026/04/25 17:02:10.913] - eth_getBlockByNumber
[2026/04/25 17:02:10.920] - eth_getBlockByNumber
[2026/04/25 17:02:10.926] - eth_getBlockByNumber
[2026/04/25 17:02:10.934] - eth_getBlockByNumber
[2026/04/25 17:02:10.942] - eth_getBlockByNumber
[2026/04/25 17:02:10.951] - eth_getTransactionReceipt
[2026/04/25 17:02:10.959] - eth_getBlockByNumber
[2026/04/25 17:02:10.967] - eth_getTransactionReceipt
[2026/04/25 17:02:11.017] - web3_clientVersion
[2026/04/25 17:02:11.031] - eth_blockNumber
[2026/04/25 17:02:11.039] - eth_getBlockByNumber
[2026/04/25 17:02:11.066] - eth_getBlockByNumber
[2026/04/25 17:02:11.115] - eth_getBlockByNumber
[2026/04/25 17:02:11.135] - eth_getBlockByNumber
[2026/04/25 17:02:11.153] - eth_getBlockByNumber
[2026/04/25 17:02:11.160] - eth_getBlockByNumber
[2026/04/25 17:02:11.167] - eth_getTransactionReceipt
[2026/04/25 17:02:11.172] - eth_getBlockByNumber
[2026/04/25 17:02:11.180] - eth_getTransactionReceipt
[2026/04/25 17:03:29.604] - web3_clientVersion
[2026/04/25 17:03:29.612] - eth_blockNumber
[2026/04/25 17:03:29.615] - eth_getBlockByNumber
[2026/04/25 17:03:29.622] - eth_getBlockByNumber
[2026/04/25 17:03:29.629] - eth_getBlockByNumber
[2026/04/25 17:03:29.633] - eth_getBlockByNumber
[2026/04/25 17:03:29.639] - eth_getBlockByNumber
[2026/04/25 17:03:29.643] - eth_getBlockByNumber
[2026/04/25 17:03:29.649] - eth_getTransactionReceipt
[2026/04/25 17:03:29.652] - eth_getBlockByNumber
[2026/04/25 17:03:29.656] - eth_getTransactionReceipt
[2026/04/25 17:06:51.338] - eth_unsubscribe
[2026/04/25 17:06:51.347] - eth_unsubscribe
