[2026/04/13 20:49:02.136] - web3_clientVersion
[2026/04/13 20:49:02.140] - eth_blockNumber
[2026/04/13 20:49:02.143] - eth_getBlockByNumber
[2026/04/13 20:49:02.147] - eth_getBlockByNumber
[2026/04/13 20:49:02.152] - eth_getBlockByNumber
[2026/04/13 20:49:02.155] - eth_getBlockByNumber
[2026/04/13 20:49:02.160] - eth_getBlockByNumber
[2026/04/13 20:49:02.164] - eth_getBlockByNumber
[2026/04/13 20:49:02.169] - eth_getTransactionReceipt
[2026/04/13 20:49:02.175] - eth_getBlockByNumber
[2026/04/13 20:49:02.178] - eth_getTransactionReceipt
[2026/04/13 20:49:02.185] - web3_clientVersion
[2026/04/13 20:49:02.189] - eth_getBlockByNumber
[2026/04/13 20:50:02.003] - web3_clientVersion
[2026/04/13 20:50:02.011] - eth_blockNumber
[2026/04/13 20:50:02.019] - eth_getBlockByNumber
[2026/04/13 20:50:02.025] - eth_getBlockByNumber
[2026/04/13 20:50:02.034] - eth_getBlockByNumber
[2026/04/13 20:50:02.043] - eth_getBlockByNumber
[2026/04/13 20:50:02.051] - eth_getBlockByNumber
[2026/04/13 20:50:02.058] - eth_getBlockByNumber
[2026/04/13 20:50:02.067] - eth_getTransactionReceipt
[2026/04/13 20:50:02.073] - eth_getBlockByNumber
[2026/04/13 20:50:02.084] - eth_getTransactionReceipt
[2026/04/13 20:50:02.090] - web3_clientVersion
[2026/04/13 20:50:02.095] - eth_getBlockByNumber
[2026/04/13 20:50:30.372] - web3_clientVersion
[2026/04/13 20:50:30.382] - eth_blockNumber
[2026/04/13 20:50:30.388] - eth_getBlockByNumber
[2026/04/13 20:50:30.396] - eth_getBlockByNumber
[2026/04/13 20:50:30.403] - eth_getBlockByNumber
[2026/04/13 20:50:30.413] - eth_getBlockByNumber
[2026/04/13 20:50:30.421] - eth_getBlockByNumber
[2026/04/13 20:50:30.430] - eth_getBlockByNumber
[2026/04/13 20:50:30.435] - eth_getTransactionReceipt
[2026/04/13 20:50:30.446] - eth_getBlockByNumber
[2026/04/13 20:50:30.457] - eth_getTransactionReceipt
[2026/04/13 20:50:30.471] - web3_clientVersion
[2026/04/13 20:50:30.477] - eth_getBlockByNumber
[2026/04/13 20:50:51.925] - web3_clientVersion
[2026/04/13 20:50:51.934] - eth_blockNumber
[2026/04/13 20:50:51.946] - eth_getBlockByNumber
[2026/04/13 20:50:51.958] - eth_getBlockByNumber
[2026/04/13 20:50:51.967] - eth_getBlockByNumber
[2026/04/13 20:50:51.975] - eth_getBlockByNumber
[2026/04/13 20:50:51.982] - eth_getBlockByNumber
[2026/04/13 20:50:51.993] - eth_getBlockByNumber
[2026/04/13 20:50:52.001] - eth_getTransactionReceipt
[2026/04/13 20:50:52.008] - eth_getBlockByNumber
[2026/04/13 20:50:52.015] - eth_getTransactionReceipt
[2026/04/13 20:50:52.021] - web3_clientVersion
[2026/04/13 20:50:52.025] - eth_getBlockByNumber
[2026/04/13 20:51:21.931] - web3_clientVersion
[2026/04/13 20:51:21.938] - eth_blockNumber
[2026/04/13 20:51:21.943] - eth_getBlockByNumber
[2026/04/13 20:51:21.951] - eth_getBlockByNumber
[2026/04/13 20:51:21.960] - eth_getBlockByNumber
[2026/04/13 20:51:21.970] - eth_getBlockByNumber
[2026/04/13 20:51:21.981] - eth_getBlockByNumber
[2026/04/13 20:51:21.988] - eth_getBlockByNumber
[2026/04/13 20:51:22.001] - eth_getTransactionReceipt
[2026/04/13 20:51:22.007] - eth_getBlockByNumber
[2026/04/13 20:51:22.018] - eth_getTransactionReceipt
[2026/04/13 20:51:22.024] - web3_clientVersion
[2026/04/13 20:51:22.033] - eth_getBlockByNumber
[2026/04/13 20:51:58.622] - web3_clientVersion
[2026/04/13 20:51:58.673] - eth_blockNumber
[2026/04/13 20:51:58.755] - eth_getBlockByNumber
[2026/04/13 20:51:59.840] - eth_getBlockByNumber
[2026/04/13 20:52:00.173] - eth_getBlockByNumber
[2026/04/13 20:52:00.207] - eth_getBlockByNumber
[2026/04/13 20:52:00.239] - eth_getBlockByNumber
[2026/04/13 20:52:00.256] - eth_getBlockByNumber
[2026/04/13 20:52:00.341] - eth_getTransactionReceipt
[2026/04/13 20:52:00.369] - eth_getBlockByNumber
[2026/04/13 20:52:00.422] - eth_getTransactionReceipt
[2026/04/13 20:52:00.937] - web3_clientVersion
[2026/04/13 20:52:00.947] - eth_getBlockByNumber
[2026/04/13 20:52:02.241] - web3_clientVersion
[2026/04/13 20:52:02.246] - eth_blockNumber
[2026/04/13 20:52:02.258] - eth_getBlockByNumber
[2026/04/13 20:52:02.269] - eth_getBlockByNumber
[2026/04/13 20:52:02.287] - eth_getBlockByNumber
[2026/04/13 20:52:02.300] - eth_getBlockByNumber
[2026/04/13 20:52:02.326] - eth_getBlockByNumber
[2026/04/13 20:52:02.359] - web3_clientVersion
[2026/04/13 20:52:02.360] - eth_getBlockByNumber
[2026/04/13 20:52:02.382] - web3_clientVersion
[2026/04/13 20:52:02.390] - eth_blockNumber
[2026/04/13 20:52:02.396] - eth_getTransactionReceipt
[2026/04/13 20:52:02.402] - eth_blockNumber
[2026/04/13 20:52:02.406] - eth_getBlockByNumber
[2026/04/13 20:52:02.415] - eth_getBlockByNumber
[2026/04/13 20:52:02.416] - eth_getBlockByNumber
[2026/04/13 20:52:02.419] - eth_getBlockByNumber
[2026/04/13 20:52:02.433] - eth_getBlockByNumber
[2026/04/13 20:52:02.435] - eth_getBlockByNumber
[2026/04/13 20:52:02.436] - eth_getTransactionReceipt
[2026/04/13 20:52:02.517] - eth_getBlockByNumber
[2026/04/13 20:52:02.533] - web3_clientVersion
[2026/04/13 20:52:02.543] - eth_getBlockByNumber
[2026/04/13 20:52:02.547] - eth_getBlockByNumber
[2026/04/13 20:52:02.548] - eth_getBlockByNumber
[2026/04/13 20:52:02.570] - eth_getBlockByNumber
[2026/04/13 20:52:02.572] - eth_getBlockByNumber
[2026/04/13 20:52:02.580] - eth_getBlockByNumber
[2026/04/13 20:52:02.582] - eth_getBlockByNumber
[2026/04/13 20:52:02.592] - eth_getTransactionReceipt
[2026/04/13 20:52:02.594] - eth_getTransactionReceipt
[2026/04/13 20:52:02.609] - eth_getBlockByNumber
[2026/04/13 20:52:02.611] - eth_getBlockByNumber
[2026/04/13 20:52:02.630] - eth_getTransactionReceipt
[2026/04/13 20:52:02.634] - eth_getTransactionReceipt
[2026/04/13 20:52:32.559] - eth_unsubscribe
[2026/04/13 20:52:32.569] - eth_unsubscribe
